Scrape started on: 00:23:32
[STARTUP | Thu Jul  1 00:23:32 2021 | main.py | <module>]: Init Database
[STARTUP | Thu Jul  1 00:23:33 2021 | main.py | <module>]: Running Controlled Chome to get TokenFomo.io full list
[STARTUP | Thu Jul  1 00:23:35 2021 | main.py | <module>]: Selinum Scrape Done Closing
[LOG | Thu Jul  1 00:23:35 2021 | /home/fullsend/cryptovesting/pyFiles/scrape_poc.py | parseFomo]: coin: Baby UFO failed eth check
[LOG | Thu Jul  1 00:23:35 2021 | /home/fullsend/cryptovesting/pyFiles/scrape_poc.py | parseFomo]: coin: NOIR League Exclusive Token failed eth check
[LOG | Thu Jul  1 00:23:35 2021 | /home/fullsend/cryptovesting/pyFiles/scrape_poc.py | parseFomo]: coin: Floro Inu failed eth check
[LOG | Thu Jul  1 00:23:35 2021 | /home/fullsend/cryptovesting/pyFiles/scrape_poc.py | parseFomo]: coin: SQIDCOIN failed eth check
[STARTUP | Thu Jul  1 00:23:35 2021 | main.py | <module>]: Parse the Fomo HTML
[STARTUP | Thu Jul  1 00:23:35 2021 | main.py | <module>]: Beginning Coin Loop
[SCRAPE | Thu Jul  1 00:23:35 2021 | /home/fullsend/cryptovesting/pyFiles/scrape_poc.py | getSniffer]: token: SuperHeavyBusd not found on sniffer
[SCRAPE | Thu Jul  1 00:23:36 2021 | /home/fullsend/cryptovesting/pyFiles/scrape_poc.py | getSniffer]: token: PPX Token not found on sniffer
[SCRAPE | Thu Jul  1 00:23:36 2021 | /home/fullsend/cryptovesting/pyFiles/scrape_poc.py | getSniffer]: token: boboo not found on sniffer
[SCRAPE | Thu Jul  1 00:23:36 2021 | /home/fullsend/cryptovesting/pyFiles/scrape_poc.py | getSniffer]: token: RRR Floki not found on sniffer
[SCRAPE | Thu Jul  1 00:23:37 2021 | /home/fullsend/cryptovesting/pyFiles/scrape_poc.py | getSniffer]: token: RapidlyReusableRockets not found on sniffer
[SCRAPE | Thu Jul  1 00:23:37 2021 | /home/fullsend/cryptovesting/pyFiles/scrape_poc.py | getSniffer]: token: Meow.Finance not found on sniffer
[SCRAPE | Thu Jul  1 00:23:38 2021 | /home/fullsend/cryptovesting/pyFiles/scrape_poc.py | getSniffer]: token: BNBPUG not found on sniffer
[SCRAPE | Thu Jul  1 00:23:38 2021 | /home/fullsend/cryptovesting/pyFiles/scrape_poc.py | getSniffer]: token: LiftOffApe not found on sniffer
[SCRAPE | Thu Jul  1 00:23:38 2021 | /home/fullsend/cryptovesting/pyFiles/scrape_poc.py | getSniffer]: token: ZincCoin not found on sniffer
[SCRAPE | Thu Jul  1 00:23:39 2021 | /home/fullsend/cryptovesting/pyFiles/scrape_poc.py | getSniffer]: token: Furious not found on sniffer
[SCRAPE | Thu Jul  1 00:23:39 2021 | /home/fullsend/cryptovesting/pyFiles/scrape_poc.py | getSniffer]: token: Coin Defi not found on sniffer
[SCRAPE | Thu Jul  1 00:23:40 2021 | /home/fullsend/cryptovesting/pyFiles/scrape_poc.py | getSniffer]: token: StarSwap not found on sniffer
[SCRAPE | Thu Jul  1 00:23:40 2021 | /home/fullsend/cryptovesting/pyFiles/scrape_poc.py | getSniffer]: token: SFPAY not found on sniffer
[SCRAPE | Thu Jul  1 00:23:40 2021 | /home/fullsend/cryptovesting/pyFiles/scrape_poc.py | getSniffer]: token: ZincCoin not found on sniffer
[SCRAPE | Thu Jul  1 00:23:41 2021 | /home/fullsend/cryptovesting/pyFiles/scrape_poc.py | getSniffer]: token: TestToken not found on sniffer
[SCRAPE | Thu Jul  1 00:23:41 2021 | /home/fullsend/cryptovesting/pyFiles/scrape_poc.py | getSniffer]: token: Moo Polypup USDC-BONE not found on sniffer
[SEVERE | Thu Jul  1 00:23:41 2021 | main.py | <module>]: *** print_tb:
  File "main.py", line 83, in <module>
    raise Exception("Debug only 15 coins")
[SEVERE | Thu Jul  1 00:23:41 2021 | main.py | <module>]: *** print_exception:
Traceback (most recent call last):
  File "main.py", line 83, in <module>
    raise Exception("Debug only 15 coins")
Exception: Debug only 15 coins
[COMPLETED | Thu Jul  1 00:23:41 2021 | main.py | <module>]: {'addTokens': 16, 'addTokensPreSniff': 16}
