Scrape started on: 12:59:17
[STARTUP | Mon May 31 12:59:17 2021 | main.py | <module>]: Init Database
[LOG | Mon May 31 12:59:17 2021 | main.py | <module>]: Checking liquidity pools of coins
[STARTUP | Mon May 31 12:59:19 2021 | main.py | <module>]: Running Controlled Chome to run the LP checks
[LP | Mon May 31 12:59:21 2021 | main.py | <module>]: Retrieved LPs from bscscan for: HUSKY INU
[LP | Mon May 31 12:59:21 2021 | main.py | <module>]: Retrieved LPs from bscscan for: Condom
[LP | Mon May 31 12:59:21 2021 | main.py | <module>]: Token: Condom's top address begins with 0x00... the lp is burned
[LP | Mon May 31 12:59:22 2021 | main.py | <module>]: Retrieved LPs from bscscan for: Pussy Smegma
[LP | Mon May 31 12:59:22 2021 | main.py | <module>]: Retrieved LPs from bscscan for: Golf
[LP | Mon May 31 12:59:23 2021 | main.py | <module>]: Retrieved LPs from bscscan for: DONT RUG ME BABY
[LP | Mon May 31 12:59:24 2021 | main.py | <module>]: Retrieved LPs from bscscan for: krakenswap.org
[LP | Mon May 31 12:59:24 2021 | main.py | <module>]: Token: krakenswap.org's top holder is: PancakeSwapV2:KRAK2 is a contract address w / a difference of 47.900999999999996
[LP | Mon May 31 12:59:24 2021 | main.py | <module>]: Retrieved LPs from bscscan for: MoonMax
[LP | Mon May 31 12:59:24 2021 | main.py | <module>]: Token: MoonMax's top address begins with 0x00... the lp is burned
[LP | Mon May 31 12:59:25 2021 | main.py | <module>]: Retrieved LPs from bscscan for: DEXTOOL
[LP | Mon May 31 12:59:25 2021 | main.py | <module>]: Token: DEXTOOL's top address begins with 0x00... the lp is burned
[LOG | Mon May 31 12:59:25 2021 | main.py | <module>]: Token DEXTOOL not found on bscscan
[LP | Mon May 31 12:59:25 2021 | main.py | <module>]: Retrieved LPs from bscscan for: GalaxyToken
[LP | Mon May 31 12:59:26 2021 | main.py | <module>]: Retrieved LPs from bscscan for: TEST2 Token
[LP | Mon May 31 12:59:27 2021 | main.py | <module>]: Retrieved LPs from bscscan for:  Amazon
[LP | Mon May 31 12:59:27 2021 | main.py | <module>]: Retrieved LPs from bscscan for: LINCOLN
[LP | Mon May 31 12:59:28 2021 | main.py | <module>]: Retrieved LPs from bscscan for: BoneDoge
[LP | Mon May 31 12:59:28 2021 | main.py | <module>]: Token: BoneDoge's top address begins with 0x00... the lp is burned
[LP | Mon May 31 12:59:28 2021 | main.py | <module>]: Retrieved LPs from bscscan for: Inflationary Token
[LP | Mon May 31 12:59:28 2021 | main.py | <module>]: Token: Inflationary Token's top address begins with 0x00... the lp is burned
[LP | Mon May 31 12:59:29 2021 | main.py | <module>]: Retrieved LPs from bscscan for: KISHICHO TOKEN
[LP | Mon May 31 12:59:29 2021 | main.py | <module>]: Token: KISHICHO TOKEN's top address begins with 0x00... the lp is burned
[LP | Mon May 31 12:59:30 2021 | main.py | <module>]: Retrieved LPs from bscscan for: NARUTO
[LOG | Mon May 31 12:59:30 2021 | main.py | <module>]: Token NARUTO not found on bscscan
[LP | Mon May 31 12:59:30 2021 | main.py | <module>]: Retrieved LPs from bscscan for: mameshiba
[LP | Mon May 31 12:59:30 2021 | main.py | <module>]: Token: mameshiba's top address begins with 0x00... the lp is burned
[LOG | Mon May 31 12:59:30 2021 | main.py | <module>]: Token mameshiba not found on bscscan
[LP | Mon May 31 12:59:31 2021 | main.py | <module>]: Retrieved LPs from bscscan for: MoonLight
[LOG | Mon May 31 12:59:31 2021 | main.py | <module>]: Token MoonLight not found on bscscan
[LP | Mon May 31 12:59:31 2021 | main.py | <module>]: Retrieved LPs from bscscan for: HokkaidoInu
[LP | Mon May 31 12:59:32 2021 | main.py | <module>]: Retrieved LPs from bscscan for: PORNHUB
[LP | Mon May 31 12:59:32 2021 | main.py | <module>]: Token: PORNHUB's top address begins with 0x00... the lp is burned
[LP | Mon May 31 12:59:32 2021 | main.py | <module>]: Token: PORNHUB's top holder is: 0x2227931a0308a482d30692401d223e5aae0144b3 is a contract address w / a difference of 98.1195
[LP | Mon May 31 12:59:32 2021 | main.py | <module>]: Retrieved LPs from bscscan for: HCCC
[LP | Mon May 31 12:59:33 2021 | main.py | <module>]: Retrieved LPs from bscscan for: SHIBC
[LP | Mon May 31 12:59:33 2021 | main.py | <module>]: Retrieved LPs from bscscan for: SKIP INU
[LP | Mon May 31 12:59:34 2021 | main.py | <module>]: Retrieved LPs from bscscan for: VOLQAN
[LP | Mon May 31 12:59:35 2021 | main.py | <module>]: Retrieved LPs from bscscan for: Digital Great British Pound
[LP | Mon May 31 12:59:35 2021 | main.py | <module>]: Token: Digital Great British Pound's top address begins with 0x00... the lp is burned
[LOG | Mon May 31 12:59:35 2021 | main.py | <module>]: Token Digital Great British Pound not found on bscscan
[LP | Mon May 31 12:59:35 2021 | main.py | <module>]: Retrieved LPs from bscscan for: bogged.finance
[LP | Mon May 31 12:59:35 2021 | main.py | <module>]: Token: bogged.finance's top address begins with 0x00... the lp is burned
[LP | Mon May 31 12:59:36 2021 | main.py | <module>]: Retrieved LPs from bscscan for: RamSwap
[LP | Mon May 31 12:59:36 2021 | main.py | <module>]: Token: RamSwap's top address begins with 0x00... the lp is burned
[LP | Mon May 31 12:59:37 2021 | main.py | <module>]: Retrieved LPs from bscscan for:  PornHub
[LP | Mon May 31 12:59:37 2021 | main.py | <module>]: Retrieved LPs from bscscan for: BORK
[LP | Mon May 31 12:59:37 2021 | main.py | <module>]: Token: BORK's top holder is: PancakeSwapV2:BORK is a contract address w / a difference of 59.371900000000004
[LP | Mon May 31 12:59:38 2021 | main.py | <module>]: Retrieved LPs from bscscan for: Doge Barking At Elon
[SEVERE | Mon May 31 12:59:38 2021 | Z:\Repos\cryptovesting\pyFiles\cglobals.py | getExeception]: *** print_tb:
  File "Z:\Repos\cryptovesting\pyFiles\selenium_scrape.py", line 85, in lpCheck
    rowCount = (len(table.findAll('tr')))
[SEVERE | Mon May 31 12:59:38 2021 | Z:\Repos\cryptovesting\pyFiles\cglobals.py | getExeception]: *** print_exception:
Traceback (most recent call last):
  File "Z:\Repos\cryptovesting\pyFiles\selenium_scrape.py", line 85, in lpCheck
    rowCount = (len(table.findAll('tr')))
AttributeError: 'NoneType' object has no attribute 'findAll'
[LP | Mon May 31 12:59:38 2021 | main.py | <module>]: Retrieved LPs from bscscan for: KidShibaInu
[LOG | Mon May 31 12:59:38 2021 | main.py | <module>]: Token KidShibaInu not found on bscscan
[SEVERE | Mon May 31 12:59:39 2021 | Z:\Repos\cryptovesting\pyFiles\cglobals.py | getExeception]: *** print_tb:
  File "Z:\Repos\cryptovesting\pyFiles\selenium_scrape.py", line 85, in lpCheck
    rowCount = (len(table.findAll('tr')))
[SEVERE | Mon May 31 12:59:39 2021 | Z:\Repos\cryptovesting\pyFiles\cglobals.py | getExeception]: *** print_exception:
Traceback (most recent call last):
  File "Z:\Repos\cryptovesting\pyFiles\selenium_scrape.py", line 85, in lpCheck
    rowCount = (len(table.findAll('tr')))
AttributeError: 'NoneType' object has no attribute 'findAll'
[LP | Mon May 31 12:59:39 2021 | main.py | <module>]: Retrieved LPs from bscscan for: Space Doge Moon
[LOG | Mon May 31 12:59:39 2021 | main.py | <module>]: Token Space Doge Moon not found on bscscan
[SEVERE | Mon May 31 12:59:42 2021 | Z:\Repos\cryptovesting\pyFiles\cglobals.py | getExeception]: *** print_tb:
  File "Z:\Repos\cryptovesting\pyFiles\selenium_scrape.py", line 85, in lpCheck
    rowCount = (len(table.findAll('tr')))
[SEVERE | Mon May 31 12:59:42 2021 | Z:\Repos\cryptovesting\pyFiles\cglobals.py | getExeception]: *** print_exception:
Traceback (most recent call last):
  File "Z:\Repos\cryptovesting\pyFiles\selenium_scrape.py", line 85, in lpCheck
    rowCount = (len(table.findAll('tr')))
AttributeError: 'NoneType' object has no attribute 'findAll'
[LP | Mon May 31 12:59:42 2021 | main.py | <module>]: Retrieved LPs from bscscan for: Labrador Retriever Inu
[LOG | Mon May 31 12:59:42 2021 | main.py | <module>]: Token Labrador Retriever Inu not found on bscscan
[SEVERE | Mon May 31 12:59:42 2021 | Z:\Repos\cryptovesting\pyFiles\cglobals.py | getExeception]: *** print_tb:
  File "Z:\Repos\cryptovesting\pyFiles\selenium_scrape.py", line 85, in lpCheck
    rowCount = (len(table.findAll('tr')))
[SEVERE | Mon May 31 12:59:42 2021 | Z:\Repos\cryptovesting\pyFiles\cglobals.py | getExeception]: *** print_exception:
Traceback (most recent call last):
  File "Z:\Repos\cryptovesting\pyFiles\selenium_scrape.py", line 85, in lpCheck
    rowCount = (len(table.findAll('tr')))
AttributeError: 'NoneType' object has no attribute 'findAll'
[LP | Mon May 31 12:59:42 2021 | main.py | <module>]: Retrieved LPs from bscscan for: GOLDENSHIBAINU
[LOG | Mon May 31 12:59:42 2021 | main.py | <module>]: Token GOLDENSHIBAINU not found on bscscan
[SEVERE | Mon May 31 12:59:44 2021 | Z:\Repos\cryptovesting\pyFiles\cglobals.py | getExeception]: *** print_tb:
  File "Z:\Repos\cryptovesting\pyFiles\selenium_scrape.py", line 85, in lpCheck
    rowCount = (len(table.findAll('tr')))
[SEVERE | Mon May 31 12:59:44 2021 | Z:\Repos\cryptovesting\pyFiles\cglobals.py | getExeception]: *** print_exception:
Traceback (most recent call last):
  File "Z:\Repos\cryptovesting\pyFiles\selenium_scrape.py", line 85, in lpCheck
    rowCount = (len(table.findAll('tr')))
AttributeError: 'NoneType' object has no attribute 'findAll'
[LP | Mon May 31 12:59:44 2021 | main.py | <module>]: Retrieved LPs from bscscan for: Numation
[LOG | Mon May 31 12:59:44 2021 | main.py | <module>]: Token Numation not found on bscscan
[SEVERE | Mon May 31 12:59:44 2021 | Z:\Repos\cryptovesting\pyFiles\cglobals.py | getExeception]: *** print_tb:
  File "Z:\Repos\cryptovesting\pyFiles\selenium_scrape.py", line 85, in lpCheck
    rowCount = (len(table.findAll('tr')))
[SEVERE | Mon May 31 12:59:44 2021 | Z:\Repos\cryptovesting\pyFiles\cglobals.py | getExeception]: *** print_exception:
Traceback (most recent call last):
  File "Z:\Repos\cryptovesting\pyFiles\selenium_scrape.py", line 85, in lpCheck
    rowCount = (len(table.findAll('tr')))
AttributeError: 'NoneType' object has no attribute 'findAll'
[LP | Mon May 31 12:59:44 2021 | main.py | <module>]: Retrieved LPs from bscscan for: HYDRASKY
[LOG | Mon May 31 12:59:44 2021 | main.py | <module>]: Token HYDRASKY not found on bscscan
[SEVERE | Mon May 31 12:59:45 2021 | Z:\Repos\cryptovesting\pyFiles\cglobals.py | getExeception]: *** print_tb:
  File "Z:\Repos\cryptovesting\pyFiles\selenium_scrape.py", line 85, in lpCheck
    rowCount = (len(table.findAll('tr')))
[SEVERE | Mon May 31 12:59:45 2021 | Z:\Repos\cryptovesting\pyFiles\cglobals.py | getExeception]: *** print_exception:
Traceback (most recent call last):
  File "Z:\Repos\cryptovesting\pyFiles\selenium_scrape.py", line 85, in lpCheck
    rowCount = (len(table.findAll('tr')))
AttributeError: 'NoneType' object has no attribute 'findAll'
[LP | Mon May 31 12:59:45 2021 | main.py | <module>]: Retrieved LPs from bscscan for: spider
[LOG | Mon May 31 12:59:45 2021 | main.py | <module>]: Token spider not found on bscscan
[SEVERE | Mon May 31 12:59:49 2021 | Z:\Repos\cryptovesting\pyFiles\cglobals.py | getExeception]: *** print_tb:
  File "Z:\Repos\cryptovesting\pyFiles\selenium_scrape.py", line 85, in lpCheck
    rowCount = (len(table.findAll('tr')))
[SEVERE | Mon May 31 12:59:49 2021 | Z:\Repos\cryptovesting\pyFiles\cglobals.py | getExeception]: *** print_exception:
Traceback (most recent call last):
  File "Z:\Repos\cryptovesting\pyFiles\selenium_scrape.py", line 85, in lpCheck
    rowCount = (len(table.findAll('tr')))
AttributeError: 'NoneType' object has no attribute 'findAll'
[LP | Mon May 31 12:59:49 2021 | main.py | <module>]: Retrieved LPs from bscscan for: SPOTIFY
[LOG | Mon May 31 12:59:49 2021 | main.py | <module>]: Token SPOTIFY not found on bscscan
[SEVERE | Mon May 31 12:59:50 2021 | Z:\Repos\cryptovesting\pyFiles\cglobals.py | getExeception]: *** print_tb:
  File "Z:\Repos\cryptovesting\pyFiles\selenium_scrape.py", line 107, in lpCheck
    holderAddress = col[1].getText()
[SEVERE | Mon May 31 12:59:50 2021 | Z:\Repos\cryptovesting\pyFiles\cglobals.py | getExeception]: *** print_exception:
Traceback (most recent call last):
  File "Z:\Repos\cryptovesting\pyFiles\selenium_scrape.py", line 107, in lpCheck
    holderAddress = col[1].getText()
IndexError: list index out of range
[LP | Mon May 31 12:59:50 2021 | main.py | <module>]: Retrieved LPs from bscscan for: OrcaSwap Token
[LOG | Mon May 31 12:59:50 2021 | main.py | <module>]: Token OrcaSwap Token not found on bscscan
[LP | Mon May 31 12:59:51 2021 | main.py | <module>]: Retrieved LPs from bscscan for: Trotos3105
[LP | Mon May 31 12:59:51 2021 | main.py | <module>]: Token: Trotos3105's top address begins with 0x00... the lp is burned
[LP | Mon May 31 12:59:52 2021 | main.py | <module>]: Retrieved LPs from bscscan for: KawaiiCat
[LP | Mon May 31 12:59:52 2021 | main.py | <module>]: Token: KawaiiCat's top address begins with 0x00... the lp is burned
[LP | Mon May 31 12:59:52 2021 | main.py | <module>]: Retrieved LPs from bscscan for: STARBASE
[LP | Mon May 31 12:59:53 2021 | main.py | <module>]: Retrieved LPs from bscscan for: Kubilayvz
[LP | Mon May 31 12:59:54 2021 | main.py | <module>]: Retrieved LPs from bscscan for: NeutronStar
[LP | Mon May 31 12:59:54 2021 | main.py | <module>]: Retrieved LPs from bscscan for: Hog Finance
[LP | Mon May 31 12:59:55 2021 | main.py | <module>]: Retrieved LPs from bscscan for: xxxNifty
[LP | Mon May 31 12:59:55 2021 | main.py | <module>]: Retrieved LPs from bscscan for: Glitchcoin
[LP | Mon May 31 12:59:55 2021 | main.py | <module>]: Token: Glitchcoin's top address begins with 0x00... the lp is burned
[COMPLETE | Mon May 31 12:59:56 2021 | main.py | <module>]: {}
