Scrape started on: 03:21:18
[STARTUP | Thu Jul  1 03:21:18 2021 | main.py | <module>]: Init Database
[DATABASE | Thu Jul  1 03:21:18 2021 | main.py | <module>]: Pulling down tokens from database
[LOG | Thu Jul  1 03:21:18 2021 | main.py | <module>]: Checking existing 8543 tokens in the database
[SCRAPE | Thu Jul  1 03:21:19 2021 | /home/fullsend/cryptovesting/pyFiles/scrape_poc.py | getSniffer]: token: SkyWay not found on sniffer
[SCRAPE | Thu Jul  1 03:21:19 2021 | /home/fullsend/cryptovesting/pyFiles/scrape_poc.py | getSniffer]: token: UselessToken not found on sniffer
[SCRAPE | Thu Jul  1 03:21:19 2021 | /home/fullsend/cryptovesting/pyFiles/scrape_poc.py | getSniffer]: token: HUSKY INU not found on sniffer
[SCRAPE | Thu Jul  1 03:21:20 2021 | /home/fullsend/cryptovesting/pyFiles/scrape_poc.py | getSniffer]: token: Starlink not found on sniffer
[SCRAPE | Thu Jul  1 03:21:20 2021 | /home/fullsend/cryptovesting/pyFiles/scrape_poc.py | getSniffer]: token: TITAN (https://t.me/titan_bsc) not found on sniffer
[SCRAPE | Thu Jul  1 03:21:20 2021 | /home/fullsend/cryptovesting/pyFiles/scrape_poc.py | getSniffer]: token: Condom not found on sniffer
[SCRAPE | Thu Jul  1 03:21:21 2021 | /home/fullsend/cryptovesting/pyFiles/scrape_poc.py | getSniffer]: token: Pussy Smegma not found on sniffer
[SCRAPE | Thu Jul  1 03:21:21 2021 | /home/fullsend/cryptovesting/pyFiles/scrape_poc.py | getSniffer]: token: Golf not found on sniffer
[SCRAPE | Thu Jul  1 03:21:21 2021 | /home/fullsend/cryptovesting/pyFiles/scrape_poc.py | getSniffer]: token: DONT RUG ME BABY not found on sniffer
[SCRAPE | Thu Jul  1 03:21:22 2021 | /home/fullsend/cryptovesting/pyFiles/scrape_poc.py | getSniffer]: token: krakenswap.org not found on sniffer
[SCRAPE | Thu Jul  1 03:21:22 2021 | /home/fullsend/cryptovesting/pyFiles/scrape_poc.py | getSniffer]: token: StellarRise not found on sniffer
[SCRAPE | Thu Jul  1 03:21:23 2021 | /home/fullsend/cryptovesting/pyFiles/scrape_poc.py | getSniffer]: token: FLOKITIGER Inu not found on sniffer
[SCRAPE | Thu Jul  1 03:21:23 2021 | /home/fullsend/cryptovesting/pyFiles/scrape_poc.py | getSniffer]: token: Bunny Shiba Coin not found on sniffer
[SCRAPE | Thu Jul  1 03:21:23 2021 | /home/fullsend/cryptovesting/pyFiles/scrape_poc.py | getSniffer]: token: MoonMax not found on sniffer
[SCRAPE | Thu Jul  1 03:21:24 2021 | /home/fullsend/cryptovesting/pyFiles/scrape_poc.py | getSniffer]: token: DEXTOOL not found on sniffer
[SCRAPE | Thu Jul  1 03:21:24 2021 | /home/fullsend/cryptovesting/pyFiles/scrape_poc.py | getSniffer]: token: Tyrannosaurus Rex not found on sniffer
[SCRAPE | Thu Jul  1 03:21:24 2021 | /home/fullsend/cryptovesting/pyFiles/scrape_poc.py | getSniffer]: token: GalaxyToken not found on sniffer
[SCRAPE | Thu Jul  1 03:21:25 2021 | /home/fullsend/cryptovesting/pyFiles/scrape_poc.py | getSniffer]: token: TEST2 Token not found on sniffer
[SCRAPE | Thu Jul  1 03:21:25 2021 | /home/fullsend/cryptovesting/pyFiles/scrape_poc.py | getSniffer]: token: Alchemix not found on sniffer
[SCRAPE | Thu Jul  1 03:21:25 2021 | /home/fullsend/cryptovesting/pyFiles/scrape_poc.py | getSniffer]: token: ? Amazon not found on sniffer
[SCRAPE | Thu Jul  1 03:21:26 2021 | /home/fullsend/cryptovesting/pyFiles/scrape_poc.py | getSniffer]: token: Poroto not found on sniffer
[SCRAPE | Thu Jul  1 03:21:26 2021 | /home/fullsend/cryptovesting/pyFiles/scrape_poc.py | getSniffer]: token: LINCOLN not found on sniffer
[SCRAPE | Thu Jul  1 03:21:26 2021 | /home/fullsend/cryptovesting/pyFiles/scrape_poc.py | getSniffer]: token: SV Cafe BREW-MOCHA not found on sniffer
[SCRAPE | Thu Jul  1 03:21:27 2021 | /home/fullsend/cryptovesting/pyFiles/scrape_poc.py | getSniffer]: token: RRR Lift Off not found on sniffer
[SCRAPE | Thu Jul  1 03:21:27 2021 | /home/fullsend/cryptovesting/pyFiles/scrape_poc.py | getSniffer]: token: SuperMoon  not found on sniffer
[SCRAPE | Thu Jul  1 03:21:28 2021 | /home/fullsend/cryptovesting/pyFiles/scrape_poc.py | getSniffer]: token: Chimera not found on sniffer
[SCRAPE | Thu Jul  1 03:21:28 2021 | /home/fullsend/cryptovesting/pyFiles/scrape_poc.py | getSniffer]: token: BITCOINNODE Inu not found on sniffer
[SCRAPE | Thu Jul  1 03:21:28 2021 | /home/fullsend/cryptovesting/pyFiles/scrape_poc.py | getSniffer]: token: BoneDoge not found on sniffer
[SCRAPE | Thu Jul  1 03:21:29 2021 | /home/fullsend/cryptovesting/pyFiles/scrape_poc.py | getSniffer]: token: test2 not found on sniffer
[SCRAPE | Thu Jul  1 03:21:29 2021 | /home/fullsend/cryptovesting/pyFiles/scrape_poc.py | getSniffer]: token: Simba not found on sniffer
[SCRAPE | Thu Jul  1 03:21:29 2021 | /home/fullsend/cryptovesting/pyFiles/scrape_poc.py | getSniffer]: token: Inflationary Token not found on sniffer
[SCRAPE | Thu Jul  1 03:21:30 2021 | /home/fullsend/cryptovesting/pyFiles/scrape_poc.py | getSniffer]: token: KISHICHO TOKEN not found on sniffer
[SCRAPE | Thu Jul  1 03:21:30 2021 | /home/fullsend/cryptovesting/pyFiles/scrape_poc.py | getSniffer]: token: NARUTO not found on sniffer
[SCRAPE | Thu Jul  1 03:21:30 2021 | /home/fullsend/cryptovesting/pyFiles/scrape_poc.py | getSniffer]: token: mameshiba not found on sniffer
[SCRAPE | Thu Jul  1 03:21:31 2021 | /home/fullsend/cryptovesting/pyFiles/scrape_poc.py | getSniffer]: token: FlokiBNB not found on sniffer
[SCRAPE | Thu Jul  1 03:21:31 2021 | /home/fullsend/cryptovesting/pyFiles/scrape_poc.py | getSniffer]: token: Apricot not found on sniffer
[SCRAPE | Thu Jul  1 03:21:32 2021 | /home/fullsend/cryptovesting/pyFiles/scrape_poc.py | getSniffer]: token: MoonLight not found on sniffer
[SCRAPE | Thu Jul  1 03:21:32 2021 | /home/fullsend/cryptovesting/pyFiles/scrape_poc.py | getSniffer]: token: CryptoSwap not found on sniffer
[SCRAPE | Thu Jul  1 03:21:32 2021 | /home/fullsend/cryptovesting/pyFiles/scrape_poc.py | getSniffer]: token: HokkaidoInu not found on sniffer
[SCRAPE | Thu Jul  1 03:21:33 2021 | /home/fullsend/cryptovesting/pyFiles/scrape_poc.py | getSniffer]: token: Elon Floki Token not found on sniffer
[SCRAPE | Thu Jul  1 03:21:33 2021 | /home/fullsend/cryptovesting/pyFiles/scrape_poc.py | getSniffer]: token: PORNHUB not found on sniffer
[SCRAPE | Thu Jul  1 03:21:33 2021 | /home/fullsend/cryptovesting/pyFiles/scrape_poc.py | getSniffer]: token: HCCC not found on sniffer
[SCRAPE | Thu Jul  1 03:21:34 2021 | /home/fullsend/cryptovesting/pyFiles/scrape_poc.py | getSniffer]: token: BlockStock not found on sniffer
[SCRAPE | Thu Jul  1 03:21:34 2021 | /home/fullsend/cryptovesting/pyFiles/scrape_poc.py | getSniffer]: token: Baby Lion not found on sniffer
[SCRAPE | Thu Jul  1 03:21:34 2021 | /home/fullsend/cryptovesting/pyFiles/scrape_poc.py | getSniffer]: token: SHIBC not found on sniffer
[SCRAPE | Thu Jul  1 03:21:35 2021 | /home/fullsend/cryptovesting/pyFiles/scrape_poc.py | getSniffer]: token: SKIP INU not found on sniffer
[SCRAPE | Thu Jul  1 03:21:35 2021 | /home/fullsend/cryptovesting/pyFiles/scrape_poc.py | getSniffer]: token: ShibaHold not found on sniffer
[SCRAPE | Thu Jul  1 03:21:36 2021 | /home/fullsend/cryptovesting/pyFiles/scrape_poc.py | getSniffer]: token: VOLQAN not found on sniffer
[SCRAPE | Thu Jul  1 03:21:36 2021 | /home/fullsend/cryptovesting/pyFiles/scrape_poc.py | getSniffer]: token: RapidlyReusableRockets not found on sniffer
[SCRAPE | Thu Jul  1 03:21:36 2021 | /home/fullsend/cryptovesting/pyFiles/scrape_poc.py | getSniffer]: token: t.me/FortuneNeko_Official not found on sniffer
[SCRAPE | Thu Jul  1 03:21:37 2021 | /home/fullsend/cryptovesting/pyFiles/scrape_poc.py | getSniffer]: token: Safe King not found on sniffer
[SCRAPE | Thu Jul  1 03:21:37 2021 | /home/fullsend/cryptovesting/pyFiles/scrape_poc.py | getSniffer]: token: Digital Great British Pound not found on sniffer
[SCRAPE | Thu Jul  1 03:21:37 2021 | /home/fullsend/cryptovesting/pyFiles/scrape_poc.py | getSniffer]: token: RRR not found on sniffer
[SCRAPE | Thu Jul  1 03:21:38 2021 | /home/fullsend/cryptovesting/pyFiles/scrape_poc.py | getSniffer]: token: bogged.finance not found on sniffer
[SCRAPE | Thu Jul  1 03:21:38 2021 | /home/fullsend/cryptovesting/pyFiles/scrape_poc.py | getSniffer]: token: TIKI not found on sniffer
[SCRAPE | Thu Jul  1 03:21:38 2021 | /home/fullsend/cryptovesting/pyFiles/scrape_poc.py | getSniffer]: token: Retry not found on sniffer
[SCRAPE | Thu Jul  1 03:21:39 2021 | /home/fullsend/cryptovesting/pyFiles/scrape_poc.py | getSniffer]: token: RamSwap not found on sniffer
[SCRAPE | Thu Jul  1 03:21:39 2021 | /home/fullsend/cryptovesting/pyFiles/scrape_poc.py | getSniffer]: token: PeachToken not found on sniffer
[SCRAPE | Thu Jul  1 03:21:40 2021 | /home/fullsend/cryptovesting/pyFiles/scrape_poc.py | getSniffer]: token:  PornHub not found on sniffer
[SCRAPE | Thu Jul  1 03:21:40 2021 | /home/fullsend/cryptovesting/pyFiles/scrape_poc.py | getSniffer]: token: BORK not found on sniffer
[SCRAPE | Thu Jul  1 03:21:40 2021 | /home/fullsend/cryptovesting/pyFiles/scrape_poc.py | getSniffer]: token: Doge Barking At Elon not found on sniffer
[SCRAPE | Thu Jul  1 03:21:41 2021 | /home/fullsend/cryptovesting/pyFiles/scrape_poc.py | getSniffer]: token: KidShibaInu not found on sniffer
[SCRAPE | Thu Jul  1 03:21:41 2021 | /home/fullsend/cryptovesting/pyFiles/scrape_poc.py | getSniffer]: token: Moon Hook not found on sniffer
[SCRAPE | Thu Jul  1 03:21:42 2021 | /home/fullsend/cryptovesting/pyFiles/scrape_poc.py | getSniffer]: token: IU not found on sniffer
[SCRAPE | Thu Jul  1 03:21:42 2021 | /home/fullsend/cryptovesting/pyFiles/scrape_poc.py | getSniffer]: token: FLOKI30 not found on sniffer
[SCRAPE | Thu Jul  1 03:21:42 2021 | /home/fullsend/cryptovesting/pyFiles/scrape_poc.py | getSniffer]: token: Lemon not found on sniffer
[SCRAPE | Thu Jul  1 03:21:43 2021 | /home/fullsend/cryptovesting/pyFiles/scrape_poc.py | getSniffer]: token: Space Doge Moon not found on sniffer
[SCRAPE | Thu Jul  1 03:21:43 2021 | /home/fullsend/cryptovesting/pyFiles/scrape_poc.py | getSniffer]: token: Shibainu.finance not found on sniffer
[SCRAPE | Thu Jul  1 03:21:43 2021 | /home/fullsend/cryptovesting/pyFiles/scrape_poc.py | getSniffer]: token: Labrador Retriever Inu not found on sniffer
[SCRAPE | Thu Jul  1 03:21:44 2021 | /home/fullsend/cryptovesting/pyFiles/scrape_poc.py | getSniffer]: token: GOLDENSHIBAINU not found on sniffer
[SCRAPE | Thu Jul  1 03:21:44 2021 | /home/fullsend/cryptovesting/pyFiles/scrape_poc.py | getSniffer]: token: PolyMaxClub not found on sniffer
[SCRAPE | Thu Jul  1 03:21:44 2021 | /home/fullsend/cryptovesting/pyFiles/scrape_poc.py | getSniffer]: token: GabeFather not found on sniffer
[SCRAPE | Thu Jul  1 03:21:45 2021 | /home/fullsend/cryptovesting/pyFiles/scrape_poc.py | getSniffer]: token: Rocket Equity not found on sniffer
[SCRAPE | Thu Jul  1 03:21:45 2021 | /home/fullsend/cryptovesting/pyFiles/scrape_poc.py | getSniffer]: token: VSTER not found on sniffer
[SCRAPE | Thu Jul  1 03:21:45 2021 | /home/fullsend/cryptovesting/pyFiles/scrape_poc.py | getSniffer]: token: BabyPuppy not found on sniffer
[SCRAPE | Thu Jul  1 03:21:46 2021 | /home/fullsend/cryptovesting/pyFiles/scrape_poc.py | getSniffer]: token: TIKI not found on sniffer
[SCRAPE | Thu Jul  1 03:21:46 2021 | /home/fullsend/cryptovesting/pyFiles/scrape_poc.py | getSniffer]: token: FLOKITAIL not found on sniffer
[SCRAPE | Thu Jul  1 03:21:47 2021 | /home/fullsend/cryptovesting/pyFiles/scrape_poc.py | getSniffer]: token: Numation not found on sniffer
[SCRAPE | Thu Jul  1 03:21:47 2021 | /home/fullsend/cryptovesting/pyFiles/scrape_poc.py | getSniffer]: token: HYDRASKY not found on sniffer
[SCRAPE | Thu Jul  1 03:21:47 2021 | /home/fullsend/cryptovesting/pyFiles/scrape_poc.py | getSniffer]: token: spider not found on sniffer
[SCRAPE | Thu Jul  1 03:21:48 2021 | /home/fullsend/cryptovesting/pyFiles/scrape_poc.py | getSniffer]: token: AssOnFire Token not found on sniffer
[SCRAPE | Thu Jul  1 03:21:48 2021 | /home/fullsend/cryptovesting/pyFiles/scrape_poc.py | getSniffer]: token: Ataturk Coin not found on sniffer
[SCRAPE | Thu Jul  1 03:21:49 2021 | /home/fullsend/cryptovesting/pyFiles/scrape_poc.py | getSniffer]: token: Hyper Finance not found on sniffer
[SCRAPE | Thu Jul  1 03:21:49 2021 | /home/fullsend/cryptovesting/pyFiles/scrape_poc.py | getSniffer]: token: SPOTIFY not found on sniffer
[SCRAPE | Thu Jul  1 03:21:49 2021 | /home/fullsend/cryptovesting/pyFiles/scrape_poc.py | getSniffer]: token: lottery not found on sniffer
[SCRAPE | Thu Jul  1 03:21:50 2021 | /home/fullsend/cryptovesting/pyFiles/scrape_poc.py | getSniffer]: token: TheOriginalOneWorld not found on sniffer
[SCRAPE | Thu Jul  1 03:21:50 2021 | /home/fullsend/cryptovesting/pyFiles/scrape_poc.py | getSniffer]: token: Coin Defi not found on sniffer
[SCRAPE | Thu Jul  1 03:21:50 2021 | /home/fullsend/cryptovesting/pyFiles/scrape_poc.py | getSniffer]: token: ONE PIRATE not found on sniffer
[SCRAPE | Thu Jul  1 03:21:51 2021 | /home/fullsend/cryptovesting/pyFiles/scrape_poc.py | getSniffer]: token: FlokiShiba not found on sniffer
[SCRAPE | Thu Jul  1 03:21:51 2021 | /home/fullsend/cryptovesting/pyFiles/scrape_poc.py | getSniffer]: token: Rise&Smile not found on sniffer
[SCRAPE | Thu Jul  1 03:21:51 2021 | /home/fullsend/cryptovesting/pyFiles/scrape_poc.py | getSniffer]: token: Elon Floki Inu not found on sniffer
[SCRAPE | Thu Jul  1 03:21:52 2021 | /home/fullsend/cryptovesting/pyFiles/scrape_poc.py | getSniffer]: token: OrcaSwap Token not found on sniffer
[SCRAPE | Thu Jul  1 03:21:52 2021 | /home/fullsend/cryptovesting/pyFiles/scrape_poc.py | getSniffer]: token: Lift Off not found on sniffer
[SCRAPE | Thu Jul  1 03:21:53 2021 | /home/fullsend/cryptovesting/pyFiles/scrape_poc.py | getSniffer]: token: SwapSwap not found on sniffer
[SCRAPE | Thu Jul  1 03:21:53 2021 | /home/fullsend/cryptovesting/pyFiles/scrape_poc.py | getSniffer]: token: Trotos3105 not found on sniffer
[SCRAPE | Thu Jul  1 03:21:53 2021 | /home/fullsend/cryptovesting/pyFiles/scrape_poc.py | getSniffer]: token: Hayami not found on sniffer
[SCRAPE | Thu Jul  1 03:21:54 2021 | /home/fullsend/cryptovesting/pyFiles/scrape_poc.py | getSniffer]: token: PEPEGOOSE not found on sniffer
[SCRAPE | Thu Jul  1 03:21:54 2021 | /home/fullsend/cryptovesting/pyFiles/scrape_poc.py | getSniffer]: token: KawaiiCat not found on sniffer
[SCRAPE | Thu Jul  1 03:21:54 2021 | /home/fullsend/cryptovesting/pyFiles/scrape_poc.py | getSniffer]: token: RRR Lift Off not found on sniffer
[SCRAPE | Thu Jul  1 03:21:55 2021 | /home/fullsend/cryptovesting/pyFiles/scrape_poc.py | getSniffer]: token: Baby Shih Tzu Coin not found on sniffer
[SCRAPE | Thu Jul  1 03:21:55 2021 | /home/fullsend/cryptovesting/pyFiles/scrape_poc.py | getSniffer]: token: LiftOffloki not found on sniffer
[SCRAPE | Thu Jul  1 03:21:55 2021 | /home/fullsend/cryptovesting/pyFiles/scrape_poc.py | getSniffer]: token: STARBASE not found on sniffer
[SCRAPE | Thu Jul  1 03:21:56 2021 | /home/fullsend/cryptovesting/pyFiles/scrape_poc.py | getSniffer]: token: Kubilayvz not found on sniffer
[SCRAPE | Thu Jul  1 03:21:56 2021 | /home/fullsend/cryptovesting/pyFiles/scrape_poc.py | getSniffer]: token: NeutronStar not found on sniffer
[SCRAPE | Thu Jul  1 03:21:57 2021 | /home/fullsend/cryptovesting/pyFiles/scrape_poc.py | getSniffer]: token: BoomMoon not found on sniffer
[SCRAPE | Thu Jul  1 03:21:57 2021 | /home/fullsend/cryptovesting/pyFiles/scrape_poc.py | getSniffer]: token: TOINK not found on sniffer
[SCRAPE | Thu Jul  1 03:21:57 2021 | /home/fullsend/cryptovesting/pyFiles/scrape_poc.py | getSniffer]: token: Hog Finance not found on sniffer
[SCRAPE | Thu Jul  1 03:21:58 2021 | /home/fullsend/cryptovesting/pyFiles/scrape_poc.py | getSniffer]: token: xxxNifty not found on sniffer
[SCRAPE | Thu Jul  1 03:21:58 2021 | /home/fullsend/cryptovesting/pyFiles/scrape_poc.py | getSniffer]: token: BabyCake not found on sniffer
[SCRAPE | Thu Jul  1 03:21:58 2021 | /home/fullsend/cryptovesting/pyFiles/scrape_poc.py | getSniffer]: token: CosmosBabyShark not found on sniffer
[SCRAPE | Thu Jul  1 03:21:59 2021 | /home/fullsend/cryptovesting/pyFiles/scrape_poc.py | getSniffer]: token: Miniped not found on sniffer
[SCRAPE | Thu Jul  1 03:21:59 2021 | /home/fullsend/cryptovesting/pyFiles/scrape_poc.py | getSniffer]: token: Glitchcoin not found on sniffer
[SCRAPE | Thu Jul  1 03:22:00 2021 | /home/fullsend/cryptovesting/pyFiles/scrape_poc.py | getSniffer]: token: Zamalek Fan Token not found on sniffer
[SCRAPE | Thu Jul  1 03:22:00 2021 | /home/fullsend/cryptovesting/pyFiles/scrape_poc.py | getSniffer]: token: INU MONTAIN not found on sniffer
[SCRAPE | Thu Jul  1 03:22:00 2021 | /home/fullsend/cryptovesting/pyFiles/scrape_poc.py | getSniffer]: token: Zinc Coin not found on sniffer
[SCRAPE | Thu Jul  1 03:22:01 2021 | /home/fullsend/cryptovesting/pyFiles/scrape_poc.py | getSniffer]: token: StarBoy not found on sniffer
[SCRAPE | Thu Jul  1 03:22:01 2021 | /home/fullsend/cryptovesting/pyFiles/scrape_poc.py | getSniffer]: token: Rapidly Reusable Rocket Rise not found on sniffer
[SCRAPE | Thu Jul  1 03:22:01 2021 | /home/fullsend/cryptovesting/pyFiles/scrape_poc.py | getSniffer]: token: CRAB17 not found on sniffer
[SCRAPE | Thu Jul  1 03:22:02 2021 | /home/fullsend/cryptovesting/pyFiles/scrape_poc.py | getSniffer]: token: CatMoonToken not found on sniffer
[SCRAPE | Thu Jul  1 03:22:02 2021 | /home/fullsend/cryptovesting/pyFiles/scrape_poc.py | getSniffer]: token: BAT Pocotol not found on sniffer
[SCRAPE | Thu Jul  1 03:22:03 2021 | /home/fullsend/cryptovesting/pyFiles/scrape_poc.py | getSniffer]: token: HoneyDeFi not found on sniffer
[SCRAPE | Thu Jul  1 03:22:03 2021 | /home/fullsend/cryptovesting/pyFiles/scrape_poc.py | getSniffer]: token: Let's Legalize Magic Mushrooms not found on sniffer
[SCRAPE | Thu Jul  1 03:22:03 2021 | /home/fullsend/cryptovesting/pyFiles/scrape_poc.py | getSniffer]: token: InchToken not found on sniffer
[SCRAPE | Thu Jul  1 03:22:04 2021 | /home/fullsend/cryptovesting/pyFiles/scrape_poc.py | getSniffer]: token: Ensemble not found on sniffer
[SCRAPE | Thu Jul  1 03:22:04 2021 | /home/fullsend/cryptovesting/pyFiles/scrape_poc.py | getSniffer]: token: SafeMoon Two not found on sniffer
[SCRAPE | Thu Jul  1 03:22:04 2021 | /home/fullsend/cryptovesting/pyFiles/scrape_poc.py | getSniffer]: token: elonsonic not found on sniffer
[SCRAPE | Thu Jul  1 03:22:05 2021 | /home/fullsend/cryptovesting/pyFiles/scrape_poc.py | getSniffer]: token: MoonSwap not found on sniffer
[SCRAPE | Thu Jul  1 03:22:05 2021 | /home/fullsend/cryptovesting/pyFiles/scrape_poc.py | getSniffer]: token: RoadRunner not found on sniffer
[SCRAPE | Thu Jul  1 03:22:06 2021 | /home/fullsend/cryptovesting/pyFiles/scrape_poc.py | getSniffer]: token: Space Unicorn not found on sniffer
[SCRAPE | Thu Jul  1 03:22:06 2021 | /home/fullsend/cryptovesting/pyFiles/scrape_poc.py | getSniffer]: token: Shibacucu not found on sniffer
[SCRAPE | Thu Jul  1 03:22:06 2021 | /home/fullsend/cryptovesting/pyFiles/scrape_poc.py | getSniffer]: token: FuckTheElonsTweets not found on sniffer
[SCRAPE | Thu Jul  1 03:22:07 2021 | /home/fullsend/cryptovesting/pyFiles/scrape_poc.py | getSniffer]: token: PancakeSwap Lottery not found on sniffer
[SCRAPE | Thu Jul  1 03:22:07 2021 | /home/fullsend/cryptovesting/pyFiles/scrape_poc.py | getSniffer]: token: Ethereum Fax not found on sniffer
[SCRAPE | Thu Jul  1 03:22:07 2021 | /home/fullsend/cryptovesting/pyFiles/scrape_poc.py | getSniffer]: token: BabyUgly not found on sniffer
[SCRAPE | Thu Jul  1 03:22:08 2021 | /home/fullsend/cryptovesting/pyFiles/scrape_poc.py | getSniffer]: token: FLOKI RISE not found on sniffer
[SCRAPE | Thu Jul  1 03:22:08 2021 | /home/fullsend/cryptovesting/pyFiles/scrape_poc.py | getSniffer]: token: MoonMoon not found on sniffer
[SCRAPE | Thu Jul  1 03:22:08 2021 | /home/fullsend/cryptovesting/pyFiles/scrape_poc.py | getSniffer]: token: FoxyToken not found on sniffer
[SCRAPE | Thu Jul  1 03:22:09 2021 | /home/fullsend/cryptovesting/pyFiles/scrape_poc.py | getSniffer]: token: GetGoodCoin not found on sniffer
[SCRAPE | Thu Jul  1 03:22:09 2021 | /home/fullsend/cryptovesting/pyFiles/scrape_poc.py | getSniffer]: token: CentaurBSC not found on sniffer
[SCRAPE | Thu Jul  1 03:22:10 2021 | /home/fullsend/cryptovesting/pyFiles/scrape_poc.py | getSniffer]: token: Rapidly Reusable Rocket not found on sniffer
[SCRAPE | Thu Jul  1 03:22:10 2021 | /home/fullsend/cryptovesting/pyFiles/scrape_poc.py | getSniffer]: token: test not found on sniffer
[SCRAPE | Thu Jul  1 03:22:11 2021 | /home/fullsend/cryptovesting/pyFiles/scrape_poc.py | getSniffer]: token: PornHub Coin not found on sniffer
[SCRAPE | Thu Jul  1 03:22:11 2021 | /home/fullsend/cryptovesting/pyFiles/scrape_poc.py | getSniffer]: token: DROGON not found on sniffer
[SCRAPE | Thu Jul  1 03:22:11 2021 | /home/fullsend/cryptovesting/pyFiles/scrape_poc.py | getSniffer]: token: GalaxyRush not found on sniffer
[SCRAPE | Thu Jul  1 03:22:12 2021 | /home/fullsend/cryptovesting/pyFiles/scrape_poc.py | getSniffer]: token: Toshiba Inu not found on sniffer
[SCRAPE | Thu Jul  1 03:22:12 2021 | /home/fullsend/cryptovesting/pyFiles/scrape_poc.py | getSniffer]: token: FuckRiseDevs not found on sniffer
[SCRAPE | Thu Jul  1 03:22:13 2021 | /home/fullsend/cryptovesting/pyFiles/scrape_poc.py | getSniffer]: token: Saudi Riyals not found on sniffer
[SCRAPE | Thu Jul  1 03:22:13 2021 | /home/fullsend/cryptovesting/pyFiles/scrape_poc.py | getSniffer]: token: Safe Dog Finance not found on sniffer
[SCRAPE | Thu Jul  1 03:22:13 2021 | /home/fullsend/cryptovesting/pyFiles/scrape_poc.py | getSniffer]: token: MediumPostCoin not found on sniffer
[SCRAPE | Thu Jul  1 03:22:14 2021 | /home/fullsend/cryptovesting/pyFiles/scrape_poc.py | getSniffer]: token: Squirrels Token not found on sniffer
[SCRAPE | Thu Jul  1 03:22:14 2021 | /home/fullsend/cryptovesting/pyFiles/scrape_poc.py | getSniffer]: token: Galaxy Dog not found on sniffer
[SCRAPE | Thu Jul  1 03:22:14 2021 | /home/fullsend/cryptovesting/pyFiles/scrape_poc.py | getSniffer]: token: Ethereum Classic not found on sniffer
[SCRAPE | Thu Jul  1 03:22:15 2021 | /home/fullsend/cryptovesting/pyFiles/scrape_poc.py | getSniffer]: token: ? StarWars not found on sniffer
[SCRAPE | Thu Jul  1 03:22:15 2021 | /home/fullsend/cryptovesting/pyFiles/scrape_poc.py | getSniffer]: token: MCF not found on sniffer
[SCRAPE | Thu Jul  1 03:22:16 2021 | /home/fullsend/cryptovesting/pyFiles/scrape_poc.py | getSniffer]: token: Wojakcoin not found on sniffer
[SCRAPE | Thu Jul  1 03:22:16 2021 | /home/fullsend/cryptovesting/pyFiles/scrape_poc.py | getSniffer]: token: TestToken not found on sniffer
[SCRAPE | Thu Jul  1 03:22:16 2021 | /home/fullsend/cryptovesting/pyFiles/scrape_poc.py | getSniffer]: token: Test don't buy not found on sniffer
[SCRAPE | Thu Jul  1 03:22:17 2021 | /home/fullsend/cryptovesting/pyFiles/scrape_poc.py | getSniffer]: token: Pussy Smegma not found on sniffer
[SCRAPE | Thu Jul  1 03:22:17 2021 | /home/fullsend/cryptovesting/pyFiles/scrape_poc.py | getSniffer]: No Sim tokens for token: MONEY ? EXPLOIT ? TEAM ?
[SCRAPE | Thu Jul  1 03:22:17 2021 | /home/fullsend/cryptovesting/pyFiles/scrape_poc.py | getSniffer]: No Sim tokens for token: BullRun Token
[SCRAPE | Thu Jul  1 03:22:18 2021 | /home/fullsend/cryptovesting/pyFiles/scrape_poc.py | getSniffer]: No Sim tokens for token: BabyDoge
[SCRAPE | Thu Jul  1 03:22:18 2021 | /home/fullsend/cryptovesting/pyFiles/scrape_poc.py | getSniffer]: No Sim tokens for token: SHIBAPUPPY
[SCRAPE | Thu Jul  1 03:22:18 2021 | /home/fullsend/cryptovesting/pyFiles/scrape_poc.py | getSniffer]: No Sim tokens for token: Deimos Finance
[SCRAPE | Thu Jul  1 03:22:19 2021 | /home/fullsend/cryptovesting/pyFiles/scrape_poc.py | getSniffer]: No Sim tokens for token: GBNM
[SCRAPE | Thu Jul  1 03:22:19 2021 | /home/fullsend/cryptovesting/pyFiles/scrape_poc.py | getSniffer]: No Sim tokens for token: MOONCLER
[SCRAPE | Thu Jul  1 03:22:20 2021 | /home/fullsend/cryptovesting/pyFiles/scrape_poc.py | getSniffer]: token: Shiba Onu not found on sniffer
[SCRAPE | Thu Jul  1 03:22:20 2021 | /home/fullsend/cryptovesting/pyFiles/scrape_poc.py | getSniffer]: token: ButterSwap not found on sniffer
[SCRAPE | Thu Jul  1 03:22:20 2021 | /home/fullsend/cryptovesting/pyFiles/scrape_poc.py | getSniffer]: token: SPASTICA not found on sniffer
[SCRAPE | Thu Jul  1 03:22:21 2021 | /home/fullsend/cryptovesting/pyFiles/scrape_poc.py | getSniffer]: token: LuckyBird not found on sniffer
[SCRAPE | Thu Jul  1 03:22:21 2021 | /home/fullsend/cryptovesting/pyFiles/scrape_poc.py | getSniffer]: token: ROCKETSHIBA not found on sniffer
[SCRAPE | Thu Jul  1 03:22:22 2021 | /home/fullsend/cryptovesting/pyFiles/scrape_poc.py | getSniffer]: token: QuantumToken not found on sniffer
[SCRAPE | Thu Jul  1 03:22:22 2021 | /home/fullsend/cryptovesting/pyFiles/scrape_poc.py | getSniffer]: token: MONKEY SWAP FINANCE not found on sniffer
[SCRAPE | Thu Jul  1 03:22:22 2021 | /home/fullsend/cryptovesting/pyFiles/scrape_poc.py | getSniffer]: token: Egoras not found on sniffer
[SCRAPE | Thu Jul  1 03:22:23 2021 | /home/fullsend/cryptovesting/pyFiles/scrape_poc.py | getSniffer]: token: VOLQAN COIN not found on sniffer
[SCRAPE | Thu Jul  1 03:22:23 2021 | /home/fullsend/cryptovesting/pyFiles/scrape_poc.py | getSniffer]: token: MoonLama not found on sniffer
[SCRAPE | Thu Jul  1 03:22:23 2021 | /home/fullsend/cryptovesting/pyFiles/scrape_poc.py | getSniffer]: token: Dolphin Chain not found on sniffer
[SCRAPE | Thu Jul  1 03:22:24 2021 | /home/fullsend/cryptovesting/pyFiles/scrape_poc.py | getSniffer]: token: MamaShiba not found on sniffer
[SCRAPE | Thu Jul  1 03:22:24 2021 | /home/fullsend/cryptovesting/pyFiles/scrape_poc.py | getSniffer]: token: Rapidly Reusable Rockets not found on sniffer
[SCRAPE | Thu Jul  1 03:22:25 2021 | /home/fullsend/cryptovesting/pyFiles/scrape_poc.py | getSniffer]: token: RTYO not found on sniffer
[SCRAPE | Thu Jul  1 03:22:25 2021 | /home/fullsend/cryptovesting/pyFiles/scrape_poc.py | getSniffer]: token: GLACIER not found on sniffer
[SCRAPE | Thu Jul  1 03:22:25 2021 | /home/fullsend/cryptovesting/pyFiles/scrape_poc.py | getSniffer]: token: DEADPOOL SWAP not found on sniffer
[SCRAPE | Thu Jul  1 03:22:26 2021 | /home/fullsend/cryptovesting/pyFiles/scrape_poc.py | getSniffer]: token: SPD not found on sniffer
[SCRAPE | Thu Jul  1 03:22:26 2021 | /home/fullsend/cryptovesting/pyFiles/scrape_poc.py | getSniffer]: token: NFTMoon not found on sniffer
[SCRAPE | Thu Jul  1 03:22:26 2021 | /home/fullsend/cryptovesting/pyFiles/scrape_poc.py | getSniffer]: token: Rocket Equity not found on sniffer
[SCRAPE | Thu Jul  1 03:22:27 2021 | /home/fullsend/cryptovesting/pyFiles/scrape_poc.py | getSniffer]: token: Floki Fun not found on sniffer
[SCRAPE | Thu Jul  1 03:22:27 2021 | /home/fullsend/cryptovesting/pyFiles/scrape_poc.py | getSniffer]: token: Gen ZAl not found on sniffer
[SCRAPE | Thu Jul  1 03:22:27 2021 | /home/fullsend/cryptovesting/pyFiles/scrape_poc.py | getSniffer]: token: PawnShop Swap not found on sniffer
[SCRAPE | Thu Jul  1 03:22:28 2021 | /home/fullsend/cryptovesting/pyFiles/scrape_poc.py | getSniffer]: token: LALA not found on sniffer
[SCRAPE | Thu Jul  1 03:22:28 2021 | /home/fullsend/cryptovesting/pyFiles/scrape_poc.py | getSniffer]: token: BIGLUCK not found on sniffer
[SCRAPE | Thu Jul  1 03:22:29 2021 | /home/fullsend/cryptovesting/pyFiles/scrape_poc.py | getSniffer]: token: MARSPUMP not found on sniffer
[SCRAPE | Thu Jul  1 03:22:29 2021 | /home/fullsend/cryptovesting/pyFiles/scrape_poc.py | getSniffer]: token: ELMO not found on sniffer
[SCRAPE | Thu Jul  1 03:22:29 2021 | /home/fullsend/cryptovesting/pyFiles/scrape_poc.py | getSniffer]: token: DOSTEST3 not found on sniffer
[SCRAPE | Thu Jul  1 03:22:30 2021 | /home/fullsend/cryptovesting/pyFiles/scrape_poc.py | getSniffer]: token: Pussy Juice not found on sniffer
[SCRAPE | Thu Jul  1 03:22:30 2021 | /home/fullsend/cryptovesting/pyFiles/scrape_poc.py | getSniffer]: token: BETTRUST not found on sniffer
[SCRAPE | Thu Jul  1 03:22:31 2021 | /home/fullsend/cryptovesting/pyFiles/scrape_poc.py | getSniffer]: token: RiceBallSwap not found on sniffer
[SCRAPE | Thu Jul  1 03:22:31 2021 | /home/fullsend/cryptovesting/pyFiles/scrape_poc.py | getSniffer]: token: Coconut not found on sniffer
[SCRAPE | Thu Jul  1 03:22:31 2021 | /home/fullsend/cryptovesting/pyFiles/scrape_poc.py | getSniffer]: token: Governor Network not found on sniffer
[SCRAPE | Thu Jul  1 03:22:32 2021 | /home/fullsend/cryptovesting/pyFiles/scrape_poc.py | getSniffer]: token: HOPIUM not found on sniffer
[SCRAPE | Thu Jul  1 03:22:32 2021 | /home/fullsend/cryptovesting/pyFiles/scrape_poc.py | getSniffer]: token: ShibaRise not found on sniffer
[SCRAPE | Thu Jul  1 03:22:32 2021 | /home/fullsend/cryptovesting/pyFiles/scrape_poc.py | getSniffer]: token: Amethhyst not found on sniffer
[SCRAPE | Thu Jul  1 03:22:33 2021 | /home/fullsend/cryptovesting/pyFiles/scrape_poc.py | getSniffer]: token: REDKiT not found on sniffer
[SCRAPE | Thu Jul  1 03:22:33 2021 | /home/fullsend/cryptovesting/pyFiles/scrape_poc.py | getSniffer]: token: Crystal.app not found on sniffer
[SCRAPE | Thu Jul  1 03:22:33 2021 | /home/fullsend/cryptovesting/pyFiles/scrape_poc.py | getSniffer]: token: Tokyo AU Token not found on sniffer
[SCRAPE | Thu Jul  1 03:22:34 2021 | /home/fullsend/cryptovesting/pyFiles/scrape_poc.py | getSniffer]: token: PORNROCKET not found on sniffer
[SCRAPE | Thu Jul  1 03:22:34 2021 | /home/fullsend/cryptovesting/pyFiles/scrape_poc.py | getSniffer]: token: MobyDick not found on sniffer
[SCRAPE | Thu Jul  1 03:22:35 2021 | /home/fullsend/cryptovesting/pyFiles/scrape_poc.py | getSniffer]: token: Pink Teens not found on sniffer
[SCRAPE | Thu Jul  1 03:22:35 2021 | /home/fullsend/cryptovesting/pyFiles/scrape_poc.py | getSniffer]: token: Safe Rocket not found on sniffer
[SCRAPE | Thu Jul  1 03:22:35 2021 | /home/fullsend/cryptovesting/pyFiles/scrape_poc.py | getSniffer]: token: patriotsreserve not found on sniffer
[SCRAPE | Thu Jul  1 03:22:36 2021 | /home/fullsend/cryptovesting/pyFiles/scrape_poc.py | getSniffer]: token: TestMks not found on sniffer
[SCRAPE | Thu Jul  1 03:22:36 2021 | /home/fullsend/cryptovesting/pyFiles/scrape_poc.py | getSniffer]: token: ElonSafeMonday not found on sniffer
[SCRAPE | Thu Jul  1 03:22:36 2021 | /home/fullsend/cryptovesting/pyFiles/scrape_poc.py | getSniffer]: token: FlyPig not found on sniffer
[SCRAPE | Thu Jul  1 03:22:37 2021 | /home/fullsend/cryptovesting/pyFiles/scrape_poc.py | getSniffer]: token: GingerNFT not found on sniffer
[SCRAPE | Thu Jul  1 03:22:37 2021 | /home/fullsend/cryptovesting/pyFiles/scrape_poc.py | getSniffer]: token: HODLIFE not found on sniffer
[SCRAPE | Thu Jul  1 03:22:37 2021 | /home/fullsend/cryptovesting/pyFiles/scrape_poc.py | getSniffer]: token: Bigbite not found on sniffer
[SCRAPE | Thu Jul  1 03:22:38 2021 | /home/fullsend/cryptovesting/pyFiles/scrape_poc.py | getSniffer]: token: wethUSDCvault not found on sniffer
[SCRAPE | Thu Jul  1 03:22:38 2021 | /home/fullsend/cryptovesting/pyFiles/scrape_poc.py | getSniffer]: token: test not found on sniffer
[SCRAPE | Thu Jul  1 03:22:39 2021 | /home/fullsend/cryptovesting/pyFiles/scrape_poc.py | getSniffer]: token: Koumori not found on sniffer
[SCRAPE | Thu Jul  1 03:22:39 2021 | /home/fullsend/cryptovesting/pyFiles/scrape_poc.py | getSniffer]: token: BathMeMoon not found on sniffer
[SCRAPE | Thu Jul  1 03:22:39 2021 | /home/fullsend/cryptovesting/pyFiles/scrape_poc.py | getSniffer]: token: Baby First Coin not found on sniffer
[SCRAPE | Thu Jul  1 03:22:40 2021 | /home/fullsend/cryptovesting/pyFiles/scrape_poc.py | getSniffer]: token: AlienToken.Space not found on sniffer
[SCRAPE | Thu Jul  1 03:22:40 2021 | /home/fullsend/cryptovesting/pyFiles/scrape_poc.py | getSniffer]: token: Let's Go 50x not found on sniffer
[SCRAPE | Thu Jul  1 03:22:40 2021 | /home/fullsend/cryptovesting/pyFiles/scrape_poc.py | getSniffer]: token: SayNoToBuhari not found on sniffer
[SCRAPE | Thu Jul  1 03:22:41 2021 | /home/fullsend/cryptovesting/pyFiles/scrape_poc.py | getSniffer]: token: BETA not found on sniffer
[SCRAPE | Thu Jul  1 03:22:41 2021 | /home/fullsend/cryptovesting/pyFiles/scrape_poc.py | getSniffer]: token: DefiDoge not found on sniffer
[SCRAPE | Thu Jul  1 03:22:42 2021 | /home/fullsend/cryptovesting/pyFiles/scrape_poc.py | getSniffer]: token: CurrencyX not found on sniffer
[SCRAPE | Thu Jul  1 03:22:42 2021 | /home/fullsend/cryptovesting/pyFiles/scrape_poc.py | getSniffer]: token: MoonFish not found on sniffer
[SCRAPE | Thu Jul  1 03:22:42 2021 | /home/fullsend/cryptovesting/pyFiles/scrape_poc.py | getSniffer]: token: test3 not found on sniffer
[SCRAPE | Thu Jul  1 03:22:43 2021 | /home/fullsend/cryptovesting/pyFiles/scrape_poc.py | getSniffer]: token: VOLQAN not found on sniffer
[SCRAPE | Thu Jul  1 03:22:43 2021 | /home/fullsend/cryptovesting/pyFiles/scrape_poc.py | getSniffer]: token: Floki Family not found on sniffer
[SCRAPE | Thu Jul  1 03:22:43 2021 | /home/fullsend/cryptovesting/pyFiles/scrape_poc.py | getSniffer]: token: NotATiki not found on sniffer
[SCRAPE | Thu Jul  1 03:22:44 2021 | /home/fullsend/cryptovesting/pyFiles/scrape_poc.py | getSniffer]: token: MemMoon not found on sniffer
[SCRAPE | Thu Jul  1 03:22:44 2021 | /home/fullsend/cryptovesting/pyFiles/scrape_poc.py | getSniffer]: token: Baby Pinkish Pussy not found on sniffer
[SCRAPE | Thu Jul  1 03:22:44 2021 | /home/fullsend/cryptovesting/pyFiles/scrape_poc.py | getSniffer]: token: Nanauatzin BSC Token not found on sniffer
[SCRAPE | Thu Jul  1 03:22:45 2021 | /home/fullsend/cryptovesting/pyFiles/scrape_poc.py | getSniffer]: token: Moon Doge not found on sniffer
[SCRAPE | Thu Jul  1 03:22:45 2021 | /home/fullsend/cryptovesting/pyFiles/scrape_poc.py | getSniffer]: token: PRETTY not found on sniffer
[SCRAPE | Thu Jul  1 03:22:46 2021 | /home/fullsend/cryptovesting/pyFiles/scrape_poc.py | getSniffer]: token: AquaPanda not found on sniffer
[SCRAPE | Thu Jul  1 03:22:46 2021 | /home/fullsend/cryptovesting/pyFiles/scrape_poc.py | getSniffer]: token: COSMICRABBIT not found on sniffer
[SCRAPE | Thu Jul  1 03:22:46 2021 | /home/fullsend/cryptovesting/pyFiles/scrape_poc.py | getSniffer]: token: PoPEyes (t.me/PopEyesBsc) not found on sniffer
[SCRAPE | Thu Jul  1 03:22:47 2021 | /home/fullsend/cryptovesting/pyFiles/scrape_poc.py | getSniffer]: token: Blockchain Property not found on sniffer
[SCRAPE | Thu Jul  1 03:22:47 2021 | /home/fullsend/cryptovesting/pyFiles/scrape_poc.py | getSniffer]: token: Baby American Bulldog not found on sniffer
[SCRAPE | Thu Jul  1 03:22:47 2021 | /home/fullsend/cryptovesting/pyFiles/scrape_poc.py | getSniffer]: token: Vipper Token not found on sniffer
[SCRAPE | Thu Jul  1 03:22:48 2021 | /home/fullsend/cryptovesting/pyFiles/scrape_poc.py | getSniffer]: token: Viking Brains - Rug Zombie Grave Staking Token not found on sniffer
[SCRAPE | Thu Jul  1 03:22:48 2021 | /home/fullsend/cryptovesting/pyFiles/scrape_poc.py | getSniffer]: token: Solarys not found on sniffer
[SCRAPE | Thu Jul  1 03:22:49 2021 | /home/fullsend/cryptovesting/pyFiles/scrape_poc.py | getSniffer]: token: Futurov not found on sniffer
[SCRAPE | Thu Jul  1 03:22:49 2021 | /home/fullsend/cryptovesting/pyFiles/scrape_poc.py | getSniffer]: token: Moo Polypup USDC-BONE not found on sniffer
[SCRAPE | Thu Jul  1 03:22:49 2021 | /home/fullsend/cryptovesting/pyFiles/scrape_poc.py | getSniffer]: token: ALICEToken not found on sniffer
[SCRAPE | Thu Jul  1 03:22:50 2021 | /home/fullsend/cryptovesting/pyFiles/scrape_poc.py | getSniffer]: token: MANNHEIM not found on sniffer
[SCRAPE | Thu Jul  1 03:22:50 2021 | /home/fullsend/cryptovesting/pyFiles/scrape_poc.py | getSniffer]: token: Thor Hammer not found on sniffer
[SCRAPE | Thu Jul  1 03:22:50 2021 | /home/fullsend/cryptovesting/pyFiles/scrape_poc.py | getSniffer]: token: SniperRat not found on sniffer
[SCRAPE | Thu Jul  1 03:22:51 2021 | /home/fullsend/cryptovesting/pyFiles/scrape_poc.py | getSniffer]: token: Imanuuu Token not found on sniffer
[SCRAPE | Thu Jul  1 03:22:51 2021 | /home/fullsend/cryptovesting/pyFiles/scrape_poc.py | getSniffer]: token: Mate not found on sniffer
[SCRAPE | Thu Jul  1 03:22:51 2021 | /home/fullsend/cryptovesting/pyFiles/scrape_poc.py | getSniffer]: token: Ethereum Inu not found on sniffer
[SCRAPE | Thu Jul  1 03:22:52 2021 | /home/fullsend/cryptovesting/pyFiles/scrape_poc.py | getSniffer]: token: StakeMine (Blockmine) not found on sniffer
[SCRAPE | Thu Jul  1 03:22:52 2021 | /home/fullsend/cryptovesting/pyFiles/scrape_poc.py | getSniffer]: token: HotDogCharity not found on sniffer
[SCRAPE | Thu Jul  1 03:22:52 2021 | /home/fullsend/cryptovesting/pyFiles/scrape_poc.py | getSniffer]: token: Petroleo not found on sniffer
[SCRAPE | Thu Jul  1 03:22:53 2021 | /home/fullsend/cryptovesting/pyFiles/scrape_poc.py | getSniffer]: token: ONLY not found on sniffer
[SCRAPE | Thu Jul  1 03:22:54 2021 | /home/fullsend/cryptovesting/pyFiles/scrape_poc.py | getSniffer]: token: DEMONKILLER not found on sniffer
[SCRAPE | Thu Jul  1 03:22:54 2021 | /home/fullsend/cryptovesting/pyFiles/scrape_poc.py | getSniffer]: token: BLABBERMOUTH not found on sniffer
[SCRAPE | Thu Jul  1 03:22:54 2021 | /home/fullsend/cryptovesting/pyFiles/scrape_poc.py | getSniffer]: token: Scorpia not found on sniffer
[SCRAPE | Thu Jul  1 03:22:55 2021 | /home/fullsend/cryptovesting/pyFiles/scrape_poc.py | getSniffer]: token: LiquidityLocked not found on sniffer
[SCRAPE | Thu Jul  1 03:22:55 2021 | /home/fullsend/cryptovesting/pyFiles/scrape_poc.py | getSniffer]: token: GNMB not found on sniffer
[SCRAPE | Thu Jul  1 03:22:56 2021 | /home/fullsend/cryptovesting/pyFiles/scrape_poc.py | getSniffer]: token: Simple2Test not found on sniffer
[SCRAPE | Thu Jul  1 03:22:56 2021 | /home/fullsend/cryptovesting/pyFiles/scrape_poc.py | getSniffer]: token: MOON WOLF not found on sniffer
[SCRAPE | Thu Jul  1 03:22:57 2021 | /home/fullsend/cryptovesting/pyFiles/scrape_poc.py | getSniffer]: token: Kashiba Inu not found on sniffer
[SCRAPE | Thu Jul  1 03:22:57 2021 | /home/fullsend/cryptovesting/pyFiles/scrape_poc.py | getSniffer]: token: SixNine not found on sniffer
[SCRAPE | Thu Jul  1 03:22:58 2021 | /home/fullsend/cryptovesting/pyFiles/scrape_poc.py | getSniffer]: token: LabradorInu not found on sniffer
[SCRAPE | Thu Jul  1 03:22:58 2021 | /home/fullsend/cryptovesting/pyFiles/scrape_poc.py | getSniffer]: token: GeminiSwap not found on sniffer
[SCRAPE | Thu Jul  1 03:22:58 2021 | /home/fullsend/cryptovesting/pyFiles/scrape_poc.py | getSniffer]: token: Apple not found on sniffer
[SCRAPE | Thu Jul  1 03:22:59 2021 | /home/fullsend/cryptovesting/pyFiles/scrape_poc.py | getSniffer]: token: Exes not found on sniffer
[SCRAPE | Thu Jul  1 03:22:59 2021 | /home/fullsend/cryptovesting/pyFiles/scrape_poc.py | getSniffer]: token: Gondor Defi not found on sniffer
[SCRAPE | Thu Jul  1 03:23:00 2021 | /home/fullsend/cryptovesting/pyFiles/scrape_poc.py | getSniffer]: token: ONEPIECE not found on sniffer
[SCRAPE | Thu Jul  1 03:23:00 2021 | /home/fullsend/cryptovesting/pyFiles/scrape_poc.py | getSniffer]: token: ScroogeMcDuck not found on sniffer
[SCRAPE | Thu Jul  1 03:23:01 2021 | /home/fullsend/cryptovesting/pyFiles/scrape_poc.py | getSniffer]: token: HAND OF FLOKI not found on sniffer
[SCRAPE | Thu Jul  1 03:23:01 2021 | /home/fullsend/cryptovesting/pyFiles/scrape_poc.py | getSniffer]: token: CHIBICAT not found on sniffer
[SEVERE | Thu Jul  1 03:23:01 2021 | /home/fullsend/cryptovesting/pyFiles/cglobals.py | getException]: *** print_tb:
  File "main.py", line 125, in <module>
    op = "keep"
[SEVERE | Thu Jul  1 03:23:01 2021 | /home/fullsend/cryptovesting/pyFiles/cglobals.py | getException]: *** print_exception:
Traceback (most recent call last):
  File "main.py", line 125, in <module>
    op = "keep"
TypeError: 'NoneType' object is not subscriptable
[COMPLETE | Thu Jul  1 03:23:01 2021 | main.py | <module>]: {}
