Scrape started on: 17:40:51
[POINT Tue Jul  6 17:40:51 2021]: Word found: owner
[POINT Tue Jul  6 17:40:51 2021]: Word found: totalSupply
[POINT Tue Jul  6 17:40:51 2021]: Word found: owner
[POINT Tue Jul  6 17:40:51 2021]: Word found: owner
[POINT Tue Jul  6 17:40:51 2021]: Word found: owner
[POINT Tue Jul  6 17:40:51 2021]: Word found: owner
[POINT Tue Jul  6 17:40:51 2021]: Word found: lock
[POINT Tue Jul  6 17:40:51 2021]: Word found: mint
[SCORE Tue Jul  6 17:40:51 2021]: Scored 0.3
[POINT Tue Jul  6 17:40:51 2021]: Word found: totalSupply
[POINT Tue Jul  6 17:40:51 2021]: Word found: owner
[POINT Tue Jul  6 17:40:51 2021]: Word found: owner
[POINT Tue Jul  6 17:40:51 2021]: Word found: owner
[POINT Tue Jul  6 17:40:51 2021]: Word found: owner
[POINT Tue Jul  6 17:40:51 2021]: Word found: owner
[POINT Tue Jul  6 17:40:51 2021]: Word found: owner
[POINT Tue Jul  6 17:40:51 2021]: Word found: owner
[POINT Tue Jul  6 17:40:51 2021]: Word found: owner
[POINT Tue Jul  6 17:40:51 2021]: Word found: owner
[POINT Tue Jul  6 17:40:51 2021]: Word found: owner
[POINT Tue Jul  6 17:40:51 2021]: Word found: owner
[POINT Tue Jul  6 17:40:51 2021]: Word found: owner
[POINT Tue Jul  6 17:40:51 2021]: Word found: totalSupply
[POINT Tue Jul  6 17:40:51 2021]: Word found: totalSupply
[POINT Tue Jul  6 17:40:51 2021]: Word found: totalSupply
[POINT Tue Jul  6 17:40:51 2021]: Word found: owner
[POINT Tue Jul  6 17:40:51 2021]: Word found: owner
[POINT Tue Jul  6 17:40:51 2021]: Word found: totalSupply
[SCORE Tue Jul  6 17:40:51 2021]: Scored 0.1
[POINT Tue Jul  6 17:40:51 2021]: Word found: lock
[POINT Tue Jul  6 17:40:51 2021]: Word found: lock
[POINT Tue Jul  6 17:40:51 2021]: Word found: totalSupply
[SCORE Tue Jul  6 17:40:51 2021]: Scored 0.1
[POINT Tue Jul  6 17:40:51 2021]: Word found: totalSupply
[SCORE Tue Jul  6 17:40:51 2021]: Scored 0.1
[POINT Tue Jul  6 17:40:51 2021]: Word found: mint
[SCORE Tue Jul  6 17:40:51 2021]: Scored 0.3
[POINT Tue Jul  6 17:40:51 2021]: Word found: mint
[SCORE Tue Jul  6 17:40:51 2021]: Scored 0.3
[POINT Tue Jul  6 17:40:51 2021]: Word found: totalSupply
[SCORE Tue Jul  6 17:40:51 2021]: Scored 0.7
[POINT Tue Jul  6 17:40:51 2021]: Word found: totalSupply
[SCORE Tue Jul  6 17:40:51 2021]: Scored 0.1
[POINT Tue Jul  6 17:40:51 2021]: Word found: owner
[POINT Tue Jul  6 17:40:51 2021]: Word found: owner
[POINT Tue Jul  6 17:40:51 2021]: Word found: owner
[POINT Tue Jul  6 17:40:51 2021]: Word found: owner
[POINT Tue Jul  6 17:40:51 2021]: Word found: mint
[SCORE Tue Jul  6 17:40:51 2021]: Scored 0.3
[DONE Tue Jul  6 17:40:51 2021]: Total Score: 2.2
