[ START 2021-07-08T04:48:27.747Z ] Starting app.js to listen to the sql and run contract checks
[ DEBUG 2021-07-08T04:48:42.066Z ] Event: {
    "type": "INSERT",
    "schema": "cryptovesting",
    "table": "tokens",
    "affectedRows": [
        {
            "after": {
                "uuid": "76978cbe-94c3-464a-9214-91167e6841e0",
                "token_name": "0x3e8cfdd483c5818c5A4A799CBAae324002d086AD",
                "bscscan_link": "https://bscscan.com/address/0x3e8cfdd483c5818c5A4A799CBAae324002d086AD",
                "contract_hash": "0x3e8cfdd483c5818c5A4A799CBAae324002d086AD"
            }
        }
    ],
    "affectedColumns": [
        "uuid",
        "token_name",
        "bscscan_link",
        "contract_hash"
    ],
    "timestamp": 1625719722000,
    "nextPosition": 10616,
    "binlogName": "binlog.000015"
}
[ DEBUG 2021-07-08T04:48:42.068Z ] Worker callback set
[ LOG 2021-07-08T04:48:42.068Z ] Spawned Worker for: 0x3e8cfdd483c5818c5A4A799CBAae324002d086AD
[ SUCCESS 2021-07-08T04:48:42.662Z ] Starting Check
