[ START 2021-07-07T22:06:43.880Z ] Starting app.js to listen to the sql and run contract checks
[ LOG 2021-07-07T22:06:43.880Z ] Spawned Worker for: NAFTER
[ LOG 2021-07-07T22:06:43.880Z ] Spawned Worker for: Safe bus
[ LOG 2021-07-07T22:06:43.880Z ] Spawned Worker for: Robin Doge
[ LOG 2021-07-07T22:06:43.880Z ] Spawned Worker for: DogeBazinga
[ LOG 2021-07-07T22:06:43.880Z ] Spawned Worker for: Maple
[ LOG 2021-07-07T22:06:43.880Z ] Spawned Worker for: FreePanda
[ LOG 2021-07-07T22:06:43.880Z ] Spawned Worker for: Moo CakeV2 MASK-WBNB
[ LOG 2021-07-07T22:06:43.880Z ] Spawned Worker for: TicketBoyz
[ LOG 2021-07-07T22:06:43.880Z ] Spawned Worker for: TestBBB
[ LOG 2021-07-07T22:06:43.880Z ] Spawned Worker for: CroossMotoo
[ LOG 2021-07-07T22:06:43.880Z ] Spawned Worker for: Yarex Token
[ LOG 2021-07-07T22:06:43.880Z ] Spawned Worker for: BIG DICK KLUCK
[ LOG 2021-07-07T22:06:43.880Z ] Spawned Worker for: Doge Floki
[ LOG 2021-07-07T22:06:43.880Z ] Spawned Worker for: Vice Doge
[ LOG 2021-07-07T22:06:43.880Z ] Spawned Worker for: DaddyMommyShiba
[ LOG 2021-07-07T22:06:43.880Z ] Spawned Worker for: MicroBender
[ LOG 2021-07-07T22:06:43.880Z ] Spawned Worker for: RiseBabyShark
[ LOG 2021-07-07T22:06:43.880Z ] Spawned Worker for: PermenSwap
[ LOG 2021-07-07T22:06:43.880Z ] Spawned Worker for: Mini Life
[ LOG 2021-07-07T22:06:43.880Z ] Spawned Worker for: JasonBell
[ LOG 2021-07-07T22:06:43.880Z ] Spawned Worker for: Mini SafeMoon
[ LOG 2021-07-07T22:06:43.880Z ] Spawned Worker for: Shooter
[ LOG 2021-07-07T22:06:43.880Z ] Spawned Worker for: Baby Doge Rise
[ LOG 2021-07-07T22:06:43.880Z ] Spawned Worker for: BatchSwap
[ LOG 2021-07-07T22:06:43.880Z ] Spawned Worker for: LilDoge
[ LOG 2021-07-07T22:06:43.880Z ] Spawned Worker for: PermenSwap
[ LOG 2021-07-07T22:06:43.880Z ] Spawned Worker for: Space Hamster NFT
[ LOG 2021-07-07T22:06:43.880Z ] Spawned Worker for: CROtToToken
[ LOG 2021-07-07T22:06:43.880Z ] Spawned Worker for: LevelUp
[ LOG 2021-07-07T22:06:43.880Z ] Spawned Worker for: MiniSpaceDOGE
[ LOG 2021-07-07T22:06:43.880Z ] Spawned Worker for: PredatorSwap
[ LOG 2021-07-07T22:06:43.880Z ] Spawned Worker for: MiniDOGE
[ LOG 2021-07-07T22:06:43.880Z ] Spawned Worker for: PrinceDoge
[ LOG 2021-07-07T22:06:43.880Z ] Spawned Worker for: Baby Doge Rise
[ LOG 2021-07-07T22:06:43.880Z ] Spawned Worker for: Bukkake Shiba
[ LOG 2021-07-07T22:06:43.880Z ] Spawned Worker for: DogeSwap
[ LOG 2021-07-07T22:06:43.880Z ] Spawned Worker for: RiseGains
[ LOG 2021-07-07T22:06:43.880Z ] Spawned Worker for: Little Penguin
[ LOG 2021-07-07T22:06:43.880Z ] Spawned Worker for: Buller
[ LOG 2021-07-07T22:06:43.880Z ] Spawned Worker for: BTDOG
[ LOG 2021-07-07T22:06:43.880Z ] Spawned Worker for: 99XDOGE
[ LOG 2021-07-07T22:06:43.880Z ] Spawned Worker for: RiseShiba
[ LOG 2021-07-07T22:06:43.880Z ] Spawned Worker for: LILDOGE
[ LOG 2021-07-07T22:06:43.880Z ] Spawned Worker for: LilRocket
[ LOG 2021-07-07T22:06:43.880Z ] Spawned Worker for: The DOGEWars Token
[ LOG 2021-07-07T22:06:43.880Z ] Spawned Worker for: Free1girlToken
[ LOG 2021-07-07T22:06:43.880Z ] Spawned Worker for: GatoDoge
[ LOG 2021-07-07T22:06:43.880Z ] Spawned Worker for: Brother DOGE
[ LOG 2021-07-07T22:06:43.880Z ] Spawned Worker for: Orange Finance
[ LOG 2021-07-07T22:06:43.880Z ] Spawned Worker for: BabyApe
[ LOG 2021-07-07T22:06:43.880Z ] Spawned Worker for: CandySwap
[ LOG 2021-07-07T22:06:43.880Z ] Spawned Worker for: WolfSwap
[ LOG 2021-07-07T22:06:43.880Z ] Spawned Worker for: 99XDOGE
[ LOG 2021-07-07T22:06:43.880Z ] Spawned Worker for: Kiowa
[ LOG 2021-07-07T22:06:43.880Z ] Spawned Worker for: DADDYDOGE
[ LOG 2021-07-07T22:06:43.880Z ] Spawned Worker for: QuickDraw
[ LOG 2021-07-07T22:06:43.880Z ] Spawned Worker for: SHIBA SWAP
[ LOG 2021-07-07T22:06:43.880Z ] Spawned Worker for: KoalaCoin
[ LOG 2021-07-07T22:06:43.880Z ] Spawned Worker for: CapnMorgann
[ LOG 2021-07-07T22:06:43.880Z ] Spawned Worker for: Vention
[ LOG 2021-07-07T22:06:43.880Z ] Spawned Worker for: BabySwap
[ LOG 2021-07-07T22:06:43.880Z ] Spawned Worker for: Free1girlToken
[ LOG 2021-07-07T22:06:43.880Z ] Spawned Worker for: Golden NFTArt
[ LOG 2021-07-07T22:06:43.880Z ] Spawned Worker for: MaxOnToken
[ LOG 2021-07-07T22:06:43.880Z ] Spawned Worker for: RisingCamel
[ LOG 2021-07-07T22:06:43.880Z ] Spawned Worker for: Doge Moon
[ LOG 2021-07-07T22:06:43.880Z ] Spawned Worker for: Oikos Network Token
[ LOG 2021-07-07T22:06:43.880Z ] Spawned Worker for: DADDYDOGE
[ LOG 2021-07-07T22:06:43.880Z ] Spawned Worker for: EverRise
[ LOG 2021-07-07T22:06:43.880Z ] Spawned Worker for: MicroDoge
[ LOG 2021-07-07T22:06:43.880Z ] Spawned Worker for: MiniDogeRise
[ LOG 2021-07-07T22:06:43.880Z ] Spawned Worker for: itscominghome
[ LOG 2021-07-07T22:06:43.880Z ] Spawned Worker for: BabyApe 
[ LOG 2021-07-07T22:06:43.880Z ] Spawned Worker for: Walking Dead
[ LOG 2021-07-07T22:06:43.880Z ] Spawned Worker for: GeckoToken
[ LOG 2021-07-07T22:06:43.880Z ] Spawned Worker for: Fish.Finance
[ LOG 2021-07-07T22:06:43.880Z ] Spawned Worker for: Sneed's Feed and Seed
[ LOG 2021-07-07T22:06:43.880Z ] Spawned Worker for: StarInu
[ LOG 2021-07-07T22:06:43.880Z ] Spawned Worker for: BrotherDoge
[ LOG 2021-07-07T22:06:43.880Z ] Spawned Worker for: Vice Doge Inu
[ LOG 2021-07-07T22:06:43.880Z ] Spawned Worker for: MAMA TOKEN
[ LOG 2021-07-07T22:06:43.880Z ] Spawned Worker for: RobinDoge
[ LOG 2021-07-07T22:06:43.880Z ] Spawned Worker for: DaddyXrp
[ LOG 2021-07-07T22:06:43.880Z ] Spawned Worker for: Baby Safemoon
[ LOG 2021-07-07T22:06:43.880Z ] Spawned Worker for: LilDoge
[ LOG 2021-07-07T22:06:43.880Z ] Spawned Worker for: SisterDoge
[ LOG 2021-07-07T22:06:43.880Z ] Spawned Worker for: GayFloki
[ LOG 2021-07-07T22:06:43.880Z ] Spawned Worker for: Free1DogToken
[ LOG 2021-07-07T22:06:43.880Z ] Spawned Worker for: TOM3
[ LOG 2021-07-07T22:06:43.880Z ] Spawned Worker for: FtyShdOfGry
[ LOG 2021-07-07T22:06:43.880Z ] Spawned Worker for: Baby Doge Rise
[ LOG 2021-07-07T22:06:43.880Z ] Spawned Worker for: GrapeSwap
[ LOG 2021-07-07T22:06:43.880Z ] Spawned Worker for: GoldenShiba
[ LOG 2021-07-07T22:06:43.880Z ] Spawned Worker for: EverPikachu
[ LOG 2021-07-07T22:06:43.880Z ] Spawned Worker for: AvrageALL
[ LOG 2021-07-07T22:06:43.880Z ] Spawned Worker for: DiamondRocket
[ LOG 2021-07-07T22:06:43.880Z ] Spawned Worker for: GoldenShiba
[ LOG 2021-07-07T22:06:43.880Z ] Spawned Worker for: Baby Doge Rise
[ LOG 2021-07-07T22:06:43.880Z ] Spawned Worker for: DonutSwap
[ LOG 2021-07-07T22:06:43.880Z ] Spawned Worker for: BabyDogeShiba
[ LOG 2021-07-07T22:06:43.880Z ] Spawned Worker for: FIXCO
[ LOG 2021-07-07T22:06:43.880Z ] Spawned Worker for: bogged.finance
[ LOG 2021-07-07T22:06:43.880Z ] Spawned Worker for: MiniDoggyDoge
[ LOG 2021-07-07T22:06:43.880Z ] Spawned Worker for: PrawnSwap
[ LOG 2021-07-07T22:06:43.880Z ] Spawned Worker for: DoneWithDoge
[ LOG 2021-07-07T22:06:43.880Z ] Spawned Worker for: miniBABYDOGE
[ LOG 2021-07-07T22:06:43.880Z ] Spawned Worker for: DoneWithDoge
[ LOG 2021-07-07T22:06:43.880Z ] Spawned Worker for: Muffins
[ LOG 2021-07-07T22:06:43.880Z ] Spawned Worker for: LEONARDO DOGE CAPRIO
[ LOG 2021-07-07T22:06:43.880Z ] Spawned Worker for: $LilDoge
[ LOG 2021-07-07T22:06:43.880Z ] Spawned Worker for: Minion shill
[ LOG 2021-07-07T22:06:43.880Z ] Spawned Worker for: Silver Arrows
[ LOG 2021-07-07T22:06:43.880Z ] Spawned Worker for: Liquiditits
[ LOG 2021-07-07T22:06:43.880Z ] Spawned Worker for: Michael Jordan coin
[ LOG 2021-07-07T22:06:43.880Z ] Spawned Worker for: BrandPad
[ LOG 2021-07-07T22:06:43.880Z ] Spawned Worker for: Pump Token
[ LOG 2021-07-07T22:06:43.880Z ] Spawned Worker for: Testing Token
[ LOG 2021-07-07T22:06:43.880Z ] Spawned Worker for: SnoopDoge
[ LOG 2021-07-07T22:06:43.880Z ] Spawned Worker for: CrystalAkita
[ LOG 2021-07-07T22:06:43.880Z ] Spawned Worker for: PussyCredit V2 | PussyCredit . com
[ LOG 2021-07-07T22:06:43.880Z ] Spawned Worker for: SafePorn
[ LOG 2021-07-07T22:06:43.880Z ] Spawned Worker for: LilDoge
[ LOG 2021-07-07T22:06:43.880Z ] Spawned Worker for: Turbo
[ LOG 2021-07-07T22:06:43.880Z ] Spawned Worker for: WtHtVgn
[ LOG 2021-07-07T22:06:43.880Z ] Spawned Worker for: ShibaUni
[ LOG 2021-07-07T22:06:43.880Z ] Spawned Worker for: BullishFloki
[ LOG 2021-07-07T22:06:43.880Z ] Spawned Worker for: A
[ LOG 2021-07-07T22:06:43.880Z ] Spawned Worker for: SuGarFuel ToKen
[ LOG 2021-07-07T22:06:43.880Z ] Spawned Worker for: CoviCoin
[ LOG 2021-07-07T22:06:43.880Z ] Spawned Worker for: Free1DogToken
[ LOG 2021-07-07T22:06:43.880Z ] Spawned Worker for: GucciDoge
[ LOG 2021-07-07T22:06:43.880Z ] Spawned Worker for: SpeedUp
[ LOG 2021-07-07T22:06:43.880Z ] Spawned Worker for: Dog Elon
[ LOG 2021-07-07T22:06:43.880Z ] Spawned Worker for: Snoopy Inu
[ LOG 2021-07-07T22:06:43.880Z ] Spawned Worker for: PancakeSwap Lottery
[ LOG 2021-07-07T22:06:43.880Z ] Spawned Worker for: MoonLand
[ LOG 2021-07-07T22:06:43.880Z ] Spawned Worker for: Arschloch
[ LOG 2021-07-07T22:06:43.880Z ] Spawned Worker for: Thelesa
[ LOG 2021-07-07T22:06:43.880Z ] Spawned Worker for: DogeKid
[ LOG 2021-07-07T22:06:43.880Z ] Spawned Worker for: RunUp
[ LOG 2021-07-07T22:06:43.880Z ] Spawned Worker for: RocketChair
[ LOG 2021-07-07T22:06:43.880Z ] Spawned Worker for: UPPERDOGE
[ LOG 2021-07-07T22:06:43.880Z ] Spawned Worker for: LilDoge
[ LOG 2021-07-07T22:06:43.880Z ] Spawned Worker for: HTTPS://WWW.BNBPLATINUM.DIGITAL
[ LOG 2021-07-07T22:06:43.880Z ] Spawned Worker for: Da Baby Coin
[ LOG 2021-07-07T22:06:43.880Z ] Spawned Worker for: BabyShiba
[ LOG 2021-07-07T22:06:43.880Z ] Spawned Worker for: Gold of Doge
[ LOG 2021-07-07T22:06:43.880Z ] Spawned Worker for: xAkita
[ LOG 2021-07-07T22:06:43.880Z ] Spawned Worker for: Hachiko Inu
[ LOG 2021-07-07T22:06:43.880Z ] Spawned Worker for: DRIP DROP
[ LOG 2021-07-07T22:06:43.880Z ] Spawned Worker for: superdogetoken.finance
[ LOG 2021-07-07T22:06:43.880Z ] Spawned Worker for: Kurose Coin Inu
[ LOG 2021-07-07T22:06:43.880Z ] Spawned Worker for: TOM2
[ LOG 2021-07-07T22:06:43.880Z ] Spawned Worker for: New York Finance
[ LOG 2021-07-07T22:06:43.880Z ] Spawned Worker for: AnimeDogeCoin
[ LOG 2021-07-07T22:06:43.880Z ] Spawned Worker for: SuGarFuel ToKen
[ LOG 2021-07-07T22:06:43.880Z ] Spawned Worker for: bigBABYDOGE
[ LOG 2021-07-07T22:06:43.880Z ] Spawned Worker for: Test Anime Token DONT BUY
[ LOG 2021-07-07T22:06:43.880Z ] Spawned Worker for: Doctor Doge
[ LOG 2021-07-07T22:06:43.880Z ] Spawned Worker for: FireWork100x
[ LOG 2021-07-07T22:06:43.880Z ] Spawned Worker for: ElonCoin
[ LOG 2021-07-07T22:06:43.880Z ] Spawned Worker for: miniBABYDOGE
[ LOG 2021-07-07T22:06:43.880Z ] Spawned Worker for: SuGarFuel ToKen
[ LOG 2021-07-07T22:06:43.880Z ] Spawned Worker for: Newroz coin
[ LOG 2021-07-07T22:06:43.880Z ] Spawned Worker for: Moondar
[ LOG 2021-07-07T22:06:43.880Z ] Spawned Worker for: Cheeto Freeto t.me/CheetoFreeto
[ LOG 2021-07-07T22:06:43.880Z ] Spawned Worker for: TIKIDOGE
[ LOG 2021-07-07T22:06:43.880Z ] Spawned Worker for: bigBABYDOGE
[ LOG 2021-07-07T22:06:43.880Z ] Spawned Worker for: FETUS DOGE
[ LOG 2021-07-07T22:06:43.880Z ] Spawned Worker for: FEGexV2
[ LOG 2021-07-07T22:06:43.880Z ] Spawned Worker for: Hodlonaut Inu
[ LOG 2021-07-07T22:06:43.880Z ] Spawned Worker for: DogeMother
[ LOG 2021-07-07T22:06:43.880Z ] Spawned Worker for: SuGarFuel ToKen
[ LOG 2021-07-07T22:06:43.880Z ] Spawned Worker for: Jerome Powell Money Printer
[ LOG 2021-07-07T22:06:43.880Z ] Spawned Worker for: TransactionTestToken
[ LOG 2021-07-07T22:06:43.880Z ] Spawned Worker for: Baby Doge Reborn 
[ LOG 2021-07-07T22:06:43.880Z ] Spawned Worker for: EverLottery
[ LOG 2021-07-07T22:06:43.880Z ] Spawned Worker for: miniBABYDOGE
[ LOG 2021-07-07T22:06:43.880Z ] Spawned Worker for: RiseElonRise
[ LOG 2021-07-07T22:06:43.880Z ] Spawned Worker for: ELON MOON
[ LOG 2021-07-07T22:06:43.880Z ] Spawned Worker for: DrBabyDoge
[ LOG 2021-07-07T22:06:43.880Z ] Spawned Worker for: ETMAIN
[ LOG 2021-07-07T22:06:43.880Z ] Spawned Worker for: PooTest
[ LOG 2021-07-07T22:06:43.880Z ] Spawned Worker for: Crimecity
[ LOG 2021-07-07T22:06:43.880Z ] Spawned Worker for: miniBABYDOGE
[ LOG 2021-07-07T22:06:43.880Z ] Spawned Worker for: RiseGains
[ LOG 2021-07-07T22:06:43.880Z ] Spawned Worker for: ISLANDDOGE
[ LOG 2021-07-07T22:06:43.880Z ] Spawned Worker for: Jerome Powell's Money Printer
[ LOG 2021-07-07T22:06:43.880Z ] Spawned Worker for: Reactor
[ LOG 2021-07-07T22:06:43.880Z ] Spawned Worker for: WiseDoge
[ LOG 2021-07-07T22:06:43.880Z ] Spawned Worker for: Crypto Whales
[ LOG 2021-07-07T22:06:43.880Z ] Spawned Worker for: Lionking
[ LOG 2021-07-07T22:06:43.880Z ] Spawned Worker for: ELONMOON
[ LOG 2021-07-07T22:06:43.880Z ] Spawned Worker for: Test token
[ LOG 2021-07-07T22:06:43.880Z ] Spawned Worker for: NFT Art Finance
[ LOG 2021-07-07T22:06:43.880Z ] Spawned Worker for: HtWmn
[ LOG 2021-07-07T22:06:43.880Z ] Spawned Worker for: DeltaToken
[ LOG 2021-07-07T22:06:43.880Z ] Spawned Worker for: Dogelon
[ LOG 2021-07-07T22:06:43.880Z ] Spawned Worker for: KingDoge
[ LOG 2021-07-07T22:06:43.880Z ] Spawned Worker for: DataSwap
[ LOG 2021-07-07T22:06:43.880Z ] Spawned Worker for: DemoSwap
[ LOG 2021-07-07T22:06:43.880Z ] Spawned Worker for: Baby Grut
[ LOG 2021-07-07T22:06:43.880Z ] Spawned Worker for: Sister Doge
[ LOG 2021-07-07T22:06:43.880Z ] Spawned Worker for: SyrupBar Token
[ LOG 2021-07-07T22:06:43.880Z ] Spawned Worker for: SpaceBabyShiba
[ LOG 2021-07-07T22:06:43.880Z ] Spawned Worker for: MiniBABYDOGE
[ LOG 2021-07-07T22:06:43.880Z ] Spawned Worker for: KingSwap
[ LOG 2021-07-07T22:06:43.880Z ] Spawned Worker for: miniBABYDOGE
[ LOG 2021-07-07T22:06:43.880Z ] Spawned Worker for: Kaliko
[ LOG 2021-07-07T22:06:43.880Z ] Spawned Worker for: miniBABYDOGE
[ LOG 2021-07-07T22:06:43.880Z ] Spawned Worker for: ELON MOON
[ LOG 2021-07-07T22:06:43.880Z ] Spawned Worker for: MINIBABYDOGE
[ LOG 2021-07-07T22:06:43.880Z ] Spawned Worker for: Big Money
[ LOG 2021-07-07T22:06:43.880Z ] Spawned Worker for: IronDoge
[ LOG 2021-07-07T22:06:43.880Z ] Spawned Worker for: ElonMoon
[ LOG 2021-07-07T22:06:43.880Z ] Spawned Worker for: CBFi
[ LOG 2021-07-07T22:06:43.880Z ] Spawned Worker for: Couchpatato
[ LOG 2021-07-07T22:06:43.880Z ] Spawned Worker for: DABABYDOGE
[ LOG 2021-07-07T22:06:43.880Z ] Spawned Worker for: Reactor
[ LOG 2021-07-07T22:06:43.880Z ] Spawned Worker for: TIKTOK COIN
[ LOG 2021-07-07T22:06:43.880Z ] Spawned Worker for: Lunar Goat
[ LOG 2021-07-07T22:06:43.880Z ] Spawned Worker for: GVAMOON
[ LOG 2021-07-07T22:06:43.880Z ] Spawned Worker for: miniBABYDOGE
[ LOG 2021-07-07T22:06:43.880Z ] Spawned Worker for: BoneDoge
[ LOG 2021-07-07T22:06:43.880Z ] Spawned Worker for: LastTest
[ LOG 2021-07-07T22:06:43.880Z ] Spawned Worker for: SyrupBar Token
[ LOG 2021-07-07T22:06:43.880Z ] Spawned Worker for: Astrokitties
[ LOG 2021-07-07T22:06:43.880Z ] Spawned Worker for: KingDOGE
[ LOG 2021-07-07T22:06:43.880Z ] Spawned Worker for: miniBABYDOGE
[ LOG 2021-07-07T22:06:43.880Z ] Spawned Worker for: BabyPepe
[ LOG 2021-07-07T22:06:43.880Z ] Spawned Worker for: Sister Doge
[ LOG 2021-07-07T22:06:43.880Z ] Spawned Worker for: EcoCoin
[ LOG 2021-07-07T22:06:43.880Z ] Spawned Worker for: WrrCmndr
[ LOG 2021-07-07T22:06:43.880Z ] Spawned Worker for: test
[ LOG 2021-07-07T22:06:43.880Z ] Spawned Worker for: ShieldSwap
[ LOG 2021-07-07T22:06:43.880Z ] Spawned Worker for: LibertyE
[ LOG 2021-07-07T22:06:43.880Z ] Spawned Worker for: miniBABYDOGE
[ LOG 2021-07-07T22:06:43.880Z ] Spawned Worker for: BDDK
[ LOG 2021-07-07T22:06:43.880Z ] Spawned Worker for: polkaplay . io
[ LOG 2021-07-07T22:06:43.880Z ] Spawned Worker for: VitaDick in Butterin
[ LOG 2021-07-07T22:06:43.880Z ] Spawned Worker for: YUKI INU
[ LOG 2021-07-07T22:06:43.880Z ] Spawned Worker for: StarCat
[ LOG 2021-07-07T22:06:43.880Z ] Spawned Worker for: MARJOLITOKEN
[ LOG 2021-07-07T22:06:43.880Z ] Spawned Worker for: EverDoge
[ LOG 2021-07-07T22:06:43.880Z ] Spawned Worker for: SafeBNB
[ LOG 2021-07-07T22:06:43.880Z ] Spawned Worker for: DogeMacoin
[ LOG 2021-07-07T22:06:43.880Z ] Spawned Worker for: SafeMoon
[ LOG 2021-07-07T22:06:43.880Z ] Spawned Worker for: Speed Networks
[ LOG 2021-07-07T22:06:43.880Z ] Spawned Worker for: DMXCard
[ LOG 2021-07-07T22:06:43.880Z ] Spawned Worker for: BabyHachiko
[ LOG 2021-07-07T22:06:43.880Z ] Spawned Worker for: SHBO
[ LOG 2021-07-07T22:06:43.880Z ] Spawned Worker for: ElonMoon
[ LOG 2021-07-07T22:06:43.880Z ] Spawned Worker for: CRZ0Offer
[ LOG 2021-07-07T22:06:43.880Z ] Spawned Worker for: Cerberus
[ LOG 2021-07-07T22:06:43.880Z ] Spawned Worker for: Popcorn Doge Inu
[ LOG 2021-07-07T22:06:43.880Z ] Spawned Worker for: RedClove
[ LOG 2021-07-07T22:06:43.880Z ] Spawned Worker for: CherrySwap
[ LOG 2021-07-07T22:06:43.880Z ] Spawned Worker for: ShibaPoolParty
[ LOG 2021-07-07T22:06:43.880Z ] Spawned Worker for: 24 h Rocket
[ LOG 2021-07-07T22:06:43.880Z ] Spawned Worker for: Doge Cat
[ LOG 2021-07-07T22:06:43.880Z ] Spawned Worker for: Mini Hollywood Doge
[ LOG 2021-07-07T22:06:43.880Z ] Spawned Worker for: LUMEN
[ LOG 2021-07-07T22:06:43.880Z ] Spawned Worker for: SMALL DOGE
[ LOG 2021-07-07T22:06:43.880Z ] Spawned Worker for: RacoonSwap
[ LOG 2021-07-07T22:06:43.880Z ] Spawned Worker for: WrrCmndr
[ LOG 2021-07-07T22:06:43.880Z ] Spawned Worker for: Shiba Fighter
[ LOG 2021-07-07T22:06:43.880Z ] Spawned Worker for: MOONTRES
[ LOG 2021-07-07T22:06:43.880Z ] Spawned Worker for: SithInu
[ LOG 2021-07-07T22:06:43.880Z ] Spawned Worker for: Elon SafeMoon
[ LOG 2021-07-07T22:06:43.880Z ] Spawned Worker for: miniBABYDOGE
[ LOG 2021-07-07T22:06:43.880Z ] Spawned Worker for: Dont Trust Musk
[ LOG 2021-07-07T22:06:43.880Z ] Spawned Worker for: PigPORKY
[ LOG 2021-07-07T22:06:43.880Z ] Spawned Worker for: Oikos Network Token
[ LOG 2021-07-07T22:06:43.880Z ] Spawned Worker for: SlntRn
[ LOG 2021-07-07T22:06:43.880Z ] Spawned Worker for: BerrySwap
[ LOG 2021-07-07T22:06:43.880Z ] Spawned Worker for: Society Token
[ LOG 2021-07-07T22:06:43.880Z ] Spawned Worker for: MongolHorde
[ LOG 2021-07-07T22:06:43.880Z ] Spawned Worker for: SuperSonic Fuck Wave
[ LOG 2021-07-07T22:06:43.880Z ] Spawned Worker for: miniBABYDOGE
[ LOG 2021-07-07T22:06:43.880Z ] Spawned Worker for: Mini Hachi BSC
[ LOG 2021-07-07T22:06:43.880Z ] Spawned Worker for: CouponSwap
[ LOG 2021-07-07T22:06:43.880Z ] Spawned Worker for: SithInu
[ LOG 2021-07-07T22:06:43.880Z ] Spawned Worker for: SupersonicShockWave
[ LOG 2021-07-07T22:06:43.880Z ] Spawned Worker for: miniBABYDOGE
[ LOG 2021-07-07T22:06:43.880Z ] Spawned Worker for: KingFEG
[ LOG 2021-07-07T22:06:43.880Z ] Spawned Worker for: MicroDoge
[ LOG 2021-07-07T22:06:43.880Z ] Spawned Worker for: Money Swap
[ LOG 2021-07-07T22:06:43.880Z ] Spawned Worker for: SuGarFuel Token
[ LOG 2021-07-07T22:06:43.880Z ] Spawned Worker for: Deversifi Protocol Governance Token
[ LOG 2021-07-07T22:06:43.880Z ] Spawned Worker for: AstroPanda
[ LOG 2021-07-07T22:06:43.880Z ] Spawned Worker for: AloeveraFinance
[ LOG 2021-07-07T22:06:43.880Z ] Spawned Worker for: miniBABYDOGE
[ LOG 2021-07-07T22:06:43.880Z ] Spawned Worker for: ElonRiseDoge
[ LOG 2021-07-07T22:06:43.880Z ] Spawned Worker for: Yes
[ LOG 2021-07-07T22:06:43.880Z ] Spawned Worker for: BusdSwap
[ LOG 2021-07-07T22:06:43.880Z ] Spawned Worker for: ⛏️Minecraft
[ LOG 2021-07-07T22:06:43.880Z ] Spawned Worker for: ZEUS TOKEN
[ LOG 2021-07-07T22:06:43.880Z ] Spawned Worker for: StarToken
[ LOG 2021-07-07T22:06:43.880Z ] Spawned Worker for: miniBABYDOGE
[ LOG 2021-07-07T22:06:43.880Z ] Spawned Worker for: Lavender
[ LOG 2021-07-07T22:06:43.880Z ] Spawned Worker for: AWP Snipper
[ LOG 2021-07-07T22:06:43.880Z ] Spawned Worker for: DOGEecosystem
[ LOG 2021-07-07T22:06:43.880Z ] Spawned Worker for: NC
[ LOG 2021-07-07T22:06:43.880Z ] Spawned Worker for: miniBABYDOGE
[ LOG 2021-07-07T22:06:43.880Z ] Spawned Worker for: STEPDOGE FIXED
[ LOG 2021-07-07T22:06:43.880Z ] Spawned Worker for: Astral.Finance
[ LOG 2021-07-07T22:06:43.880Z ] Spawned Worker for: GameOT
[ LOG 2021-07-07T22:06:43.880Z ] Spawned Worker for: Astral.Finance
[ LOG 2021-07-07T22:06:43.880Z ] Spawned Worker for: FAIL
[ LOG 2021-07-07T22:06:43.880Z ] Spawned Worker for: Cioko
[ LOG 2021-07-07T22:06:43.880Z ] Spawned Worker for: TEST
[ LOG 2021-07-07T22:06:43.880Z ] Spawned Worker for: ELON MOON
[ LOG 2021-07-07T22:06:43.880Z ] Spawned Worker for: SafeElonDoge
[ LOG 2021-07-07T22:06:43.880Z ] Spawned Worker for: BABY CORGI BUSD
[ LOG 2021-07-07T22:06:43.880Z ] Spawned Worker for: CrystalSwap
[ LOG 2021-07-07T22:06:43.880Z ] Spawned Worker for: RTLdoge
[ LOG 2021-07-07T22:06:43.880Z ] Spawned Worker for:  AssLover 
[ LOG 2021-07-07T22:06:43.880Z ] Spawned Worker for: bogged.finance
[ LOG 2021-07-07T22:06:43.880Z ] Spawned Worker for: Palmsea
[ LOG 2021-07-07T22:06:43.880Z ] Spawned Worker for: ShibaBabyCoin
[ LOG 2021-07-07T22:06:43.880Z ] Spawned Worker for: Oikos Network Token
[ LOG 2021-07-07T22:06:43.880Z ] Spawned Worker for: ApeDen
[ LOG 2021-07-07T22:06:43.880Z ] Spawned Worker for: miniBABYDOGE
[ LOG 2021-07-07T22:06:43.880Z ] Spawned Worker for: LOLKA
[ LOG 2021-07-07T22:06:43.880Z ] Spawned Worker for: Wild Cat Token
[ LOG 2021-07-07T22:06:43.880Z ] Spawned Worker for: SuGarFuel Token
[ LOG 2021-07-07T22:06:43.880Z ] Spawned Worker for: ElonMoon
[ LOG 2021-07-07T22:06:43.880Z ] Spawned Worker for: SafeTrum
[ LOG 2021-07-07T22:06:43.880Z ] Spawned Worker for: Elon Said Yes
[ LOG 2021-07-07T22:06:43.880Z ] Spawned Worker for: Baby Charmander
[ LOG 2021-07-07T22:06:43.880Z ] Spawned Worker for: BOTTEST5
[ LOG 2021-07-07T22:06:43.880Z ] Spawned Worker for: Bullex
[ LOG 2021-07-07T22:06:43.880Z ] Spawned Worker for: CryptoCoin
[ LOG 2021-07-07T22:06:43.880Z ] Spawned Worker for: Supersonic Shock Wave
[ LOG 2021-07-07T22:06:43.880Z ] Spawned Worker for: JetSoil
[ LOG 2021-07-07T22:06:43.880Z ] Spawned Worker for: CBFI
[ LOG 2021-07-07T22:06:43.880Z ] Spawned Worker for: PooTest
[ LOG 2021-07-07T22:06:43.880Z ] Spawned Worker for: MOLLYDOGELNUis
[ LOG 2021-07-07T22:06:43.880Z ] Spawned Worker for: AfricanDoge Coin
[ LOG 2021-07-07T22:06:43.880Z ] Spawned Worker for: SuperSonic
[ LOG 2021-07-07T22:06:43.880Z ] Spawned Worker for: KamiGod
[ LOG 2021-07-07T22:06:43.880Z ] Spawned Worker for: Cheetosdoge
[ LOG 2021-07-07T22:06:43.880Z ] Spawned Worker for: Micro Baby Doge
[ LOG 2021-07-07T22:06:43.880Z ] Spawned Worker for: miniBABYDOGE
[ LOG 2021-07-07T22:06:43.880Z ] Spawned Worker for: Daddy Floki Inu
[ LOG 2021-07-07T22:06:43.880Z ] Spawned Worker for: AI DeFi
[ LOG 2021-07-07T22:06:43.880Z ] Spawned Worker for: MiniDoge
[ LOG 2021-07-07T22:06:43.880Z ] Spawned Worker for: TESTOE
[ LOG 2021-07-07T22:06:43.880Z ] Spawned Worker for: PornHub
[ LOG 2021-07-07T22:06:43.880Z ] Spawned Worker for: GOGO Exchange Protocol
[ LOG 2021-07-07T22:06:43.880Z ] Spawned Worker for: RiseTest
[ LOG 2021-07-07T22:06:43.880Z ] Spawned Worker for: Astro Panda
[ LOG 2021-07-07T22:06:43.880Z ] Spawned Worker for: TOM
[ LOG 2021-07-07T22:06:43.880Z ] Spawned Worker for: DonaldDuck
[ LOG 2021-07-07T22:06:43.880Z ] Spawned Worker for: Flokilove
[ LOG 2021-07-07T22:06:43.880Z ] Spawned Worker for: Rollon
[ LOG 2021-07-07T22:06:43.880Z ] Spawned Worker for: TmtSlr
[ LOG 2021-07-07T22:06:43.880Z ] Spawned Worker for: ThuyNgaToken
[ LOG 2021-07-07T22:06:43.880Z ] Spawned Worker for: Brook Token
[ LOG 2021-07-07T22:06:43.880Z ] Spawned Worker for: ToothSwap
[ LOG 2021-07-07T22:06:43.880Z ] Spawned Worker for: Shiba Money
[ LOG 2021-07-07T22:06:43.880Z ] Spawned Worker for: Avatar Finance
[ LOG 2021-07-07T22:06:43.880Z ] Spawned Worker for: SuperSonic
[ LOG 2021-07-07T22:06:43.880Z ] Spawned Worker for: UltimoGG
[ LOG 2021-07-07T22:06:43.880Z ] Spawned Worker for: BulleX
[ LOG 2021-07-07T22:06:43.880Z ] Spawned Worker for: Burn
[ LOG 2021-07-07T22:06:43.880Z ] Spawned Worker for: Wraith
[ LOG 2021-07-07T22:06:43.880Z ] Spawned Worker for: LittleCartman
[ LOG 2021-07-07T22:06:43.880Z ] Spawned Worker for: Mini Hollywood Doge
[ LOG 2021-07-07T22:06:43.880Z ] Spawned Worker for: Test
[ LOG 2021-07-07T22:06:43.880Z ] Spawned Worker for: SuGarFuel Token
[ LOG 2021-07-07T22:06:43.880Z ] Spawned Worker for: pruebaspider
[ LOG 2021-07-07T22:06:43.880Z ] Spawned Worker for: Doge Millionaire
[ LOG 2021-07-07T22:06:43.880Z ] Spawned Worker for: DNA DeFi
[ LOG 2021-07-07T22:06:43.880Z ] Spawned Worker for: OnlyFans
[ LOG 2021-07-07T22:06:43.880Z ] Spawned Worker for: Luxor
[ LOG 2021-07-07T22:06:43.880Z ] Spawned Worker for: SafeDuck
[ LOG 2021-07-07T22:06:43.880Z ] Spawned Worker for: LITTLE SHIBA INU
[ LOG 2021-07-07T22:06:43.880Z ] Spawned Worker for: Moneycapper
[ LOG 2021-07-07T22:06:43.880Z ] Spawned Worker for: BABY SHIBA BUSD
[ LOG 2021-07-07T22:06:43.880Z ] Spawned Worker for: HuskyRise
[ LOG 2021-07-07T22:06:43.880Z ] Spawned Worker for: BalancedScale
[ LOG 2021-07-07T22:06:43.880Z ] Spawned Worker for: Ulti Arena
[ LOG 2021-07-07T22:06:43.880Z ] Spawned Worker for: SuGarFuel Token
[ LOG 2021-07-07T22:06:43.880Z ] Spawned Worker for: DancerDoge
[ LOG 2021-07-07T22:06:43.880Z ] Spawned Worker for: StrWmn
[ LOG 2021-07-07T22:06:43.880Z ] Spawned Worker for: Vanity
[ LOG 2021-07-07T22:06:43.880Z ] Spawned Worker for: FireINU
[ LOG 2021-07-07T22:06:43.880Z ] Spawned Worker for: DogeBoyz Token
[ LOG 2021-07-07T22:06:43.880Z ] Spawned Worker for: phookElonThunberg
[ LOG 2021-07-07T22:06:43.880Z ] Spawned Worker for: Safe Gains
[ LOG 2021-07-07T22:06:43.880Z ] Spawned Worker for: BabyCousinDoge
[ LOG 2021-07-07T22:06:43.880Z ] Spawned Worker for: Safe Gains
[ LOG 2021-07-07T22:06:43.880Z ] Spawned Worker for: Little Pussy Inu
[ LOG 2021-07-07T22:06:43.880Z ] Spawned Worker for: ComfyRise
[ LOG 2021-07-07T22:06:43.880Z ] Spawned Worker for: MarioRise
[ LOG 2021-07-07T22:06:43.880Z ] Spawned Worker for: LoveSwap
[ LOG 2021-07-07T22:06:43.880Z ] Spawned Worker for: UCRochet
[ LOG 2021-07-07T22:06:43.880Z ] Spawned Worker for: LastLap
[ LOG 2021-07-07T22:06:43.880Z ] Spawned Worker for: Safe Gains
[ LOG 2021-07-07T22:06:43.880Z ] Spawned Worker for: DOGEstyle
[ LOG 2021-07-07T22:06:43.880Z ] Spawned Worker for: BNB Platinum
[ LOG 2021-07-07T22:06:43.880Z ] Spawned Worker for: Apex Finance
[ LOG 2021-07-07T22:06:43.880Z ] Spawned Worker for: BulleX
[ LOG 2021-07-07T22:06:43.880Z ] Spawned Worker for: Poseidon
[ LOG 2021-07-07T22:06:43.880Z ] Spawned Worker for: COMFYRISE
[ LOG 2021-07-07T22:06:43.880Z ] Spawned Worker for: BulleX
[ LOG 2021-07-07T22:06:43.880Z ] Spawned Worker for: Hamtaro
[ LOG 2021-07-07T22:06:43.880Z ] Spawned Worker for: ROBINDOGE
[ LOG 2021-07-07T22:06:43.880Z ] Spawned Worker for: GhostSwap
[ LOG 2021-07-07T22:06:43.880Z ] Spawned Worker for: miniBABYELON
[ LOG 2021-07-07T22:06:43.880Z ] Spawned Worker for: ElonDogeInu
[ LOG 2021-07-07T22:06:43.880Z ] Spawned Worker for: BulleX
[ LOG 2021-07-07T22:06:43.880Z ] Spawned Worker for: Sabertooth Swap
[ LOG 2021-07-07T22:06:43.880Z ] Spawned Worker for: Exponential Token
[ LOG 2021-07-07T22:06:43.880Z ] Spawned Worker for: Shih Tzu Inu
[ LOG 2021-07-07T22:06:43.880Z ] Spawned Worker for: ThuyNgaToken
[ LOG 2021-07-07T22:06:43.880Z ] Spawned Worker for: Scoinrim
[ LOG 2021-07-07T22:06:43.880Z ] Spawned Worker for: Nulletrium
[ LOG 2021-07-07T22:06:43.880Z ] Spawned Worker for: Maple
[ LOG 2021-07-07T22:06:43.880Z ] Spawned Worker for: Baby King Doge
[ LOG 2021-07-07T22:06:43.880Z ] Spawned Worker for: A
[ LOG 2021-07-07T22:06:43.880Z ] Spawned Worker for: Zerion . io
[ LOG 2021-07-07T22:06:43.880Z ] Spawned Worker for: HalaShiba
[ LOG 2021-07-07T22:06:43.880Z ] Spawned Worker for: GigaDoge
[ LOG 2021-07-07T22:06:43.880Z ] Spawned Worker for: DogeBoyz Coin
[ LOG 2021-07-07T22:06:43.880Z ] Spawned Worker for: BABY AKITA BUSD
[ LOG 2021-07-07T22:06:43.880Z ] Spawned Worker for: Doge pieces
[ LOG 2021-07-07T22:06:43.880Z ] Spawned Worker for: OasisSwap
[ LOG 2021-07-07T22:06:43.880Z ] Spawned Worker for: BulleX
[ LOG 2021-07-07T22:06:43.880Z ] Spawned Worker for: CrMchn
[ LOG 2021-07-07T22:06:43.880Z ] Spawned Worker for: miniBABYDOGE
[ LOG 2021-07-07T22:06:43.880Z ] Spawned Worker for: MINIKUCOINS
[ LOG 2021-07-07T22:06:43.880Z ] Spawned Worker for: test coin
[ LOG 2021-07-07T22:06:43.880Z ] Spawned Worker for: Nulletrium
[ LOG 2021-07-07T22:06:43.880Z ] Spawned Worker for: RobyMoon
[ LOG 2021-07-07T22:06:43.880Z ] Spawned Worker for: Walking Dead
[ LOG 2021-07-07T22:06:43.880Z ] Spawned Worker for: Dropper
[ LOG 2021-07-07T22:06:43.880Z ] Spawned Worker for: StarSwap
[ LOG 2021-07-07T22:06:43.880Z ] Spawned Worker for: Luxor
[ LOG 2021-07-07T22:06:43.880Z ] Spawned Worker for: Luxor
[ LOG 2021-07-07T22:06:43.880Z ] Spawned Worker for: Nulletrium
[ LOG 2021-07-07T22:06:43.880Z ] Spawned Worker for: BulleX
[ LOG 2021-07-07T22:06:43.880Z ] Spawned Worker for: BabyShiba
[ LOG 2021-07-07T22:06:43.880Z ] Spawned Worker for: FuckDogeBae(https://t.me/fuckdogebae)
[ LOG 2021-07-07T22:06:43.880Z ] Spawned Worker for: MtrCrs
[ LOG 2021-07-07T22:06:43.880Z ] Spawned Worker for: t1ts
[ LOG 2021-07-07T22:06:43.880Z ] Spawned Worker for: Puppy Shiba Inu
[ LOG 2021-07-07T22:06:43.880Z ] Spawned Worker for: KuDoge
[ LOG 2021-07-07T22:06:43.880Z ] Spawned Worker for: Toddler Doge
[ LOG 2021-07-07T22:06:43.880Z ] Spawned Worker for: AvocadoSwap
[ LOG 2021-07-07T22:06:43.880Z ] Spawned Worker for: RadioGaga
[ LOG 2021-07-07T22:06:43.880Z ] Spawned Worker for: BulleX
[ LOG 2021-07-07T22:06:43.880Z ] Spawned Worker for: Private Test Token
[ LOG 2021-07-07T22:06:43.880Z ] Spawned Worker for: Shiba Slave
[ LOG 2021-07-07T22:06:43.880Z ] Spawned Worker for: Ibana
[ LOG 2021-07-07T22:06:43.880Z ] Spawned Worker for: Rara Token
[ LOG 2021-07-07T22:06:43.880Z ] Spawned Worker for: Nulletrium
[ LOG 2021-07-07T22:06:43.880Z ] Spawned Worker for: Ever Mini Doge
[ LOG 2021-07-07T22:06:43.880Z ] Spawned Worker for: BabyMomy coin
[ LOG 2021-07-07T22:06:43.880Z ] Spawned Worker for: Vanity
[ LOG 2021-07-07T22:06:43.880Z ] Spawned Worker for: Ever Mini Doge
[ LOG 2021-07-07T22:06:43.880Z ] Spawned Worker for: MarioRise
[ LOG 2021-07-07T22:06:43.880Z ] Spawned Worker for: Baby Pepe Coin
[ LOG 2021-07-07T22:06:43.880Z ] Spawned Worker for: My Token
[ LOG 2021-07-07T22:06:43.880Z ] Spawned Worker for: KuSafeApe
[ LOG 2021-07-07T22:06:43.880Z ] Spawned Worker for: MaryInu
[ LOG 2021-07-07T22:06:43.880Z ] Spawned Worker for: BulleX
[ LOG 2021-07-07T22:06:43.880Z ] Spawned Worker for: ShBBB
[ LOG 2021-07-07T22:06:43.880Z ] Spawned Worker for: Baby Doge Coin
[ LOG 2021-07-07T22:06:43.880Z ] Spawned Worker for: LassieDOGE
[ LOG 2021-07-07T22:06:43.880Z ] Spawned Worker for: Gold Baby Doge
[ LOG 2021-07-07T22:06:43.880Z ] Spawned Worker for: BulleX
[ LOG 2021-07-07T22:06:43.880Z ] Spawned Worker for: KuDoge
[ LOG 2021-07-07T22:06:43.880Z ] Spawned Worker for: StepShiba
[ LOG 2021-07-07T22:06:43.880Z ] Spawned Worker for: Bluepeople
[ LOG 2021-07-07T22:06:43.880Z ] Spawned Worker for: RiseWise
[ LOG 2021-07-07T22:06:43.880Z ] Spawned Worker for: SafeWhale
[ LOG 2021-07-07T22:06:43.880Z ] Spawned Worker for: BabyDoge
[ LOG 2021-07-07T22:06:43.880Z ] Spawned Worker for: BABY
[ LOG 2021-07-07T22:06:43.880Z ] Spawned Worker for: Sister Doge
[ LOG 2021-07-07T22:06:43.880Z ] Spawned Worker for: PussyCredit V2 | PussyCredit . com
[ LOG 2021-07-07T22:06:43.880Z ] Spawned Worker for: WolfEyes
[ LOG 2021-07-07T22:06:43.880Z ] Spawned Worker for: HarryMusk GreenCandle
[ LOG 2021-07-07T22:06:43.880Z ] Spawned Worker for: Shih Tzu Inu
[ LOG 2021-07-07T22:06:43.880Z ] Spawned Worker for: miniBABYDOGE
[ LOG 2021-07-07T22:06:43.880Z ] Spawned Worker for: BabyKingDoge
[ LOG 2021-07-07T22:06:43.880Z ] Spawned Worker for: BABY FEG BUSD
[ LOG 2021-07-07T22:06:43.880Z ] Spawned Worker for: DOGESWAP
[ LOG 2021-07-07T22:06:43.880Z ] Spawned Worker for: SpoonHandle
[ LOG 2021-07-07T22:06:43.880Z ] Spawned Worker for: Netflix Crypto
[ LOG 2021-07-07T22:06:43.880Z ] Spawned Worker for: Mini Hollywood Doge
[ LOG 2021-07-07T22:06:43.880Z ] Spawned Worker for: BabyDoge
[ LOG 2021-07-07T22:06:43.880Z ] Spawned Worker for: SHIBA VIKING
[ LOG 2021-07-07T22:06:43.880Z ] Spawned Worker for: RookieDoge
[ LOG 2021-07-07T22:06:43.880Z ] Spawned Worker for: supersonicshockwave
[ LOG 2021-07-07T22:06:43.880Z ] Spawned Worker for: FatherPanda
[ LOG 2021-07-07T22:06:43.880Z ] Spawned Worker for: CreepSwap
[ LOG 2021-07-07T22:06:43.880Z ] Spawned Worker for: BabyKingDoge
[ LOG 2021-07-07T22:06:43.880Z ] Spawned Worker for: BabyKingDoge
[ LOG 2021-07-07T22:06:43.880Z ] Spawned Worker for: Nulletrium
[ LOG 2021-07-07T22:06:43.880Z ] Spawned Worker for: RedStarTOKEN
[ LOG 2021-07-07T22:06:43.880Z ] Spawned Worker for: 2ELONS1CUP
[ LOG 2021-07-07T22:06:43.880Z ] Spawned Worker for: Supersonic shock wave
[ LOG 2021-07-07T22:06:43.880Z ] Spawned Worker for: MrKrabs
[ LOG 2021-07-07T22:06:43.880Z ] Spawned Worker for: BREED MY DOGE
[ LOG 2021-07-07T22:06:43.880Z ] Spawned Worker for: SpaceCoffee
[ LOG 2021-07-07T22:06:43.880Z ] Spawned Worker for: lilBabyDoge
[ LOG 2021-07-07T22:06:43.880Z ] Spawned Worker for: BulleX
[ LOG 2021-07-07T22:06:43.880Z ] Spawned Worker for: ShBBB
[ LOG 2021-07-07T22:06:43.880Z ] Spawned Worker for: Jacksbarrow
[ LOG 2021-07-07T22:06:43.880Z ] Spawned Worker for: Little Pancakeswap
[ LOG 2021-07-07T22:06:43.880Z ] Spawned Worker for: ButterDoge
[ LOG 2021-07-07T22:06:43.880Z ] Spawned Worker for: TEST
[ LOG 2021-07-07T22:06:43.880Z ] Spawned Worker for: GREENLIGHTSWAP.IO
[ LOG 2021-07-07T22:06:43.880Z ] Spawned Worker for: USEFULTOKEN
[ LOG 2021-07-07T22:06:43.880Z ] Spawned Worker for: KuHODL
[ LOG 2021-07-07T22:06:43.880Z ] Spawned Worker for: SafeTEST
[ LOG 2021-07-07T22:06:43.880Z ] Spawned Worker for: Schoolbus
[ LOG 2021-07-07T22:06:43.880Z ] Spawned Worker for: DogeToshi Token
[ LOG 2021-07-07T22:06:43.880Z ] Spawned Worker for: FullMoon
[ LOG 2021-07-07T22:06:43.880Z ] Spawned Worker for: Netflixcrypto
[ LOG 2021-07-07T22:06:43.880Z ] Spawned Worker for: TEST
[ LOG 2021-07-07T22:06:43.880Z ] Spawned Worker for: TEEEEE
[ LOG 2021-07-07T22:06:43.880Z ] Spawned Worker for: NFT Art DeFi
[ LOG 2021-07-07T22:06:43.880Z ] Spawned Worker for: sinXcoin
[ LOG 2021-07-07T22:06:43.880Z ] Spawned Worker for: Beyondsy INU
[ LOG 2021-07-07T22:06:43.880Z ] Spawned Worker for: FreeDogeBack
[ LOG 2021-07-07T22:06:43.880Z ] Spawned Worker for: CoCoin
[ LOG 2021-07-07T22:06:43.880Z ] Spawned Worker for: Anime Token
[ LOG 2021-07-07T22:06:43.880Z ] Spawned Worker for: SuperDoge
[ LOG 2021-07-07T22:06:43.880Z ] Spawned Worker for: MaryDoge
[ LOG 2021-07-07T22:06:43.880Z ] Spawned Worker for: ShpEgn
[ LOG 2021-07-07T22:06:43.880Z ] Spawned Worker for: Coin Safe Money Coin
[ LOG 2021-07-07T22:06:43.880Z ] Spawned Worker for: Hyroid Networks
[ LOG 2021-07-07T22:06:43.880Z ] Spawned Worker for: EverGreen
[ LOG 2021-07-07T22:06:43.880Z ] Spawned Worker for: Mini Hollywood Doge
[ LOG 2021-07-07T22:06:43.880Z ] Spawned Worker for: AztecDoge
[ LOG 2021-07-07T22:06:43.880Z ] Spawned Worker for: Oracle
[ LOG 2021-07-07T22:06:43.880Z ] Spawned Worker for: BIKINI BOTTOM FINANCIAL
[ LOG 2021-07-07T22:06:43.880Z ] Spawned Worker for: C
[ LOG 2021-07-07T22:06:43.880Z ] Spawned Worker for: Sickieland
[ LOG 2021-07-07T22:06:43.880Z ] Spawned Worker for: miniBABYDOGE
[ LOG 2021-07-07T22:06:43.880Z ] Spawned Worker for: Netflix Crypto
[ LOG 2021-07-07T22:06:43.880Z ] Spawned Worker for: Little Binance
[ LOG 2021-07-07T22:06:43.880Z ] Spawned Worker for: Anime Token
[ LOG 2021-07-07T22:06:43.880Z ] Spawned Worker for: DogeRise
[ LOG 2021-07-07T22:06:43.880Z ] Spawned Worker for: Doge piece
[ LOG 2021-07-07T22:06:43.880Z ] Spawned Worker for: DogeRise
[ LOG 2021-07-07T22:06:43.880Z ] Spawned Worker for: miniBABYDOGE
[ LOG 2021-07-07T22:06:43.880Z ] Spawned Worker for: MINISHIB
[ LOG 2021-07-07T22:06:43.880Z ] Spawned Worker for: BNB Platinum
[ LOG 2021-07-07T22:06:43.880Z ] Spawned Worker for: VaultBTC MDX-BNB Mdex
[ LOG 2021-07-07T22:06:43.880Z ] Spawned Worker for: Golden Floki
[ LOG 2021-07-07T22:06:43.880Z ] Spawned Worker for: VaultETH MDX-BNB Mdex
[ LOG 2021-07-07T22:06:43.880Z ] Spawned Worker for: DOGEBSC
[ LOG 2021-07-07T22:06:43.880Z ] Spawned Worker for: BNFINCE
[ LOG 2021-07-07T22:06:43.880Z ] Spawned Worker for: ColdMoney
[ LOG 2021-07-07T22:06:43.880Z ] Spawned Worker for: Super Sonic
[ LOG 2021-07-07T22:06:43.880Z ] Spawned Worker for: ORCATOKEN
[ LOG 2021-07-07T22:06:43.880Z ] Spawned Worker for: Dorayaki
[ LOG 2021-07-07T22:06:43.880Z ] Spawned Worker for: EnglandChampion
[ LOG 2021-07-07T22:06:43.880Z ] Spawned Worker for: SafeSimba
[ LOG 2021-07-07T22:06:43.880Z ] Spawned Worker for: ALPHA DRAGON CHAOS
[ LOG 2021-07-07T22:06:43.880Z ] Spawned Worker for: Yo
[ LOG 2021-07-07T22:06:43.880Z ] Spawned Worker for: MiniInu
[ LOG 2021-07-07T22:06:43.880Z ] Spawned Worker for: BUNNY
[ LOG 2021-07-07T22:06:43.880Z ] Spawned Worker for: Baby Binance
[ LOG 2021-07-07T22:06:43.880Z ] Spawned Worker for: QRB
[ LOG 2021-07-07T22:06:43.880Z ] Spawned Worker for: QRB
[ LOG 2021-07-07T22:06:43.880Z ] Spawned Worker for: DataSwap
[ LOG 2021-07-07T22:06:43.880Z ] Spawned Worker for: FreeDogeBack
[ LOG 2021-07-07T22:06:43.880Z ] Spawned Worker for: Ghost Pirates
[ LOG 2021-07-07T22:06:43.880Z ] Spawned Worker for: DogeAion
[ LOG 2021-07-07T22:06:43.880Z ] Spawned Worker for: HTTPS://WWW.BNBPLATINUM.DIGITAL
[ LOG 2021-07-07T22:06:43.880Z ] Spawned Worker for: ⛏️Minecraft
[ LOG 2021-07-07T22:06:43.880Z ] Spawned Worker for: Collectibles
[ LOG 2021-07-07T22:06:43.880Z ] Spawned Worker for: HdnHvn
[ LOG 2021-07-07T22:06:43.880Z ] Spawned Worker for: BabyLamboDoge
[ LOG 2021-07-07T22:06:43.880Z ] Spawned Worker for: miniBABYDOGE
[ LOG 2021-07-07T22:06:43.880Z ] Spawned Worker for: Century
[ LOG 2021-07-07T22:06:43.880Z ] Spawned Worker for: BNB Platinum
[ LOG 2021-07-07T22:06:43.880Z ] Spawned Worker for: RamenBabyDoge
[ LOG 2021-07-07T22:06:43.880Z ] Spawned Worker for: SWAPTURBATE
[ LOG 2021-07-07T22:06:43.880Z ] Spawned Worker for: SAFU WALLET
[ LOG 2021-07-07T22:06:43.880Z ] Spawned Worker for: TestyTrambles
[ LOG 2021-07-07T22:06:43.880Z ] Spawned Worker for: Falcon Doge
[ LOG 2021-07-07T22:06:43.880Z ] Spawned Worker for: Hulk Token
[ LOG 2021-07-07T22:06:43.880Z ] Spawned Worker for: MiniTikiDoge
[ LOG 2021-07-07T22:06:43.880Z ] Spawned Worker for: RusCoin
[ LOG 2021-07-07T22:06:43.880Z ] Spawned Worker for: DDToken
[ LOG 2021-07-07T22:06:43.880Z ] Spawned Worker for: VaultBTC MDX-BNB Mdex
[ LOG 2021-07-07T22:06:43.880Z ] Spawned Worker for: Turtle Money
[ LOG 2021-07-07T22:06:43.880Z ] Spawned Worker for: VaultETH MDX-BNB Mdex
[ LOG 2021-07-07T22:06:43.880Z ] Spawned Worker for: MiniMatic
[ LOG 2021-07-07T22:06:43.880Z ] Spawned Worker for: Netflix Crypto
[ LOG 2021-07-07T22:06:43.880Z ] Spawned Worker for: Netflix Crypto
[ LOG 2021-07-07T22:06:43.880Z ] Spawned Worker for: KuHODL
[ LOG 2021-07-07T22:06:43.880Z ] Spawned Worker for: HYPERINU
[ LOG 2021-07-07T22:06:43.880Z ] Spawned Worker for: BabyBurn
[ LOG 2021-07-07T22:06:43.880Z ] Spawned Worker for: YlvFlwr
[ LOG 2021-07-07T22:06:43.880Z ] Spawned Worker for: MiniTikiDoge
[ LOG 2021-07-07T22:06:43.880Z ] Spawned Worker for: SHIBAE
[ LOG 2021-07-07T22:06:43.880Z ] Spawned Worker for: MiniHollywoodDoge
[ LOG 2021-07-07T22:06:43.880Z ] Spawned Worker for: Tissue
[ LOG 2021-07-07T22:06:43.880Z ] Spawned Worker for: Mini Hollywood Doge
[ LOG 2021-07-07T22:06:43.880Z ] Spawned Worker for: Starlink
[ LOG 2021-07-07T22:06:43.880Z ] Spawned Worker for: miniBABYDOGE
[ LOG 2021-07-07T22:06:43.880Z ] Spawned Worker for: BigDoge
[ LOG 2021-07-07T22:06:43.880Z ] Spawned Worker for: miniBABYDOGE
[ LOG 2021-07-07T22:06:43.880Z ] Spawned Worker for: MSTAR
